The system is: Linux - 4.10.2-1-ARCH - x86_64
Compiling the C compiler identification source file "CMakeCCompilerId.c" succeeded.
Compiler: /usr/bin/cc 
Build flags: 
Id flags: 

The output was:
0


Compilation of the C compiler identification source "CMakeCCompilerId.c" produced "a.out"

The C compiler identification is GNU, found in "/home/kunterbunt/dev/omnetpp-5.0/samples/research-project/MaxDatarateSorter/cmake-build-debug/CMakeFiles/3.6.2/CompilerIdC/a.out"

Compiling the CXX compiler identification source file "CMakeCXXCompilerId.cpp" succeeded.
Compiler: /usr/bin/c++ 
Build flags: 
Id flags: 

The output was:
0


Compilation of the CXX compiler identification source "CMakeCXXCompilerId.cpp" produced "a.out"

The CXX compiler identification is GNU, found in "/home/kunterbunt/dev/omnetpp-5.0/samples/research-project/MaxDatarateSorter/cmake-build-debug/CMakeFiles/3.6.2/CompilerIdCXX/a.out"

Determining if the C compiler works passed with the following output:
Change Dir: /home/kunterbunt/dev/omnetpp-5.0/samples/research-project/MaxDatarateSorter/cmake-build-debug/CMakeFiles/CMakeTmp

Run Build Command:"/usr/bin/make" "cmTC_9bb02/fast"
/usr/bin/make -f CMakeFiles/cmTC_9bb02.dir/build.make CMakeFiles/cmTC_9bb02.dir/build
make[1]: Entering directory '/home/kunterbunt/dev/omnetpp-5.0/samples/research-project/MaxDatarateSorter/cmake-build-debug/CMakeFiles/CMakeTmp'
Building C object CMakeFiles/cmTC_9bb02.dir/testCCompiler.c.o
/usr/bin/cc     -o CMakeFiles/cmTC_9bb02.dir/testCCompiler.c.o   -c /home/kunterbunt/dev/omnetpp-5.0/samples/research-project/MaxDatarateSorter/cmake-build-debug/CMakeFiles/CMakeTmp/testCCompiler.c
Linking C executable cmTC_9bb02
/opt/clion/bin/cmake/bin/cmake -E cmake_link_script CMakeFiles/cmTC_9bb02.dir/link.txt --verbose=1
/usr/bin/cc       CMakeFiles/cmTC_9bb02.dir/testCCompiler.c.o  -o cmTC_9bb02 
make[1]: Leaving directory '/home/kunterbunt/dev/omnetpp-5.0/samples/research-project/MaxDatarateSorter/cmake-build-debug/CMakeFiles/CMakeTmp'


Detecting C compiler ABI info compiled with the following output:
Change Dir: /home/kunterbunt/dev/omnetpp-5.0/samples/research-project/MaxDatarateSorter/cmake-build-debug/CMakeFiles/CMakeTmp

Run Build Command:"/usr/bin/make" "cmTC_78b1a/fast"
/usr/bin/make -f CMakeFiles/cmTC_78b1a.dir/build.make CMakeFiles/cmTC_78b1a.dir/build
make[1]: Entering directory '/home/kunterbunt/dev/omnetpp-5.0/samples/research-project/MaxDatarateSorter/cmake-build-debug/CMakeFiles/CMakeTmp'
Building C object CMakeFiles/cmTC_78b1a.dir/CMakeCCompilerABI.c.o
/usr/bin/cc     -o CMakeFiles/cmTC_78b1a.dir/CMakeCCompilerABI.c.o   -c /opt/clion/bin/cmake/share/cmake-3.6/Modules/CMakeCCompilerABI.c
Linking C executable cmTC_78b1a
/opt/clion/bin/cmake/bin/cmake -E cmake_link_script CMakeFiles/cmTC_78b1a.dir/link.txt --verbose=1
/usr/bin/cc      -v CMakeFiles/cmTC_78b1a.dir/CMakeCCompilerABI.c.o  -o cmTC_78b1a  
Using built-in specs.
COLLECT_GCC=/usr/bin/cc
COLLECT_LTO_WRAPPER=/usr/lib/gcc/x86_64-pc-linux-gnu/6.3.1/lto-wrapper
Target: x86_64-pc-linux-gnu
Configured with: /build/gcc/src/gcc/configure --prefix=/usr --libdir=/usr/lib --libexecdir=/usr/lib --mandir=/usr/share/man --infodir=/usr/share/info --with-bugurl=https://bugs.archlinux.org/ --enable-languages=c,c++,ada,fortran,go,lto,objc,obj-c++ --enable-shared --enable-threads=posix --enable-libmpx --with-system-zlib --with-isl --enable-__cxa_atexit --disable-libunwind-exceptions --enable-clocale=gnu --disable-libstdcxx-pch --disable-libssp --enable-gnu-unique-object --enable-linker-build-id --enable-lto --enable-plugin --enable-install-libiberty --with-linker-hash-style=gnu --enable-gnu-indirect-function --disable-multilib --disable-werror --enable-checking=release
Thread model: posix
gcc version 6.3.1 20170306 (GCC) 
COMPILER_PATH=/usr/lib/gcc/x86_64-pc-linux-gnu/6.3.1/:/usr/lib/gcc/x86_64-pc-linux-gnu/6.3.1/:/usr/lib/gcc/x86_64-pc-linux-gnu/:/usr/lib/gcc/x86_64-pc-linux-gnu/6.3.1/:/usr/lib/gcc/x86_64-pc-linux-gnu/
LIBRARY_PATH=/usr/lib/gcc/x86_64-pc-linux-gnu/6.3.1/:/usr/lib/gcc/x86_64-pc-linux-gnu/6.3.1/../../../../lib/:/lib/../lib/:/usr/lib/../lib/:/usr/lib/gcc/x86_64-pc-linux-gnu/6.3.1/../../../:/lib/:/usr/lib/
COLLECT_GCC_OPTIONS='-v' '-o' 'cmTC_78b1a' '-mtune=generic' '-march=x86-64'
 /usr/lib/gcc/x86_64-pc-linux-gnu/6.3.1/collect2 -plugin /usr/lib/gcc/x86_64-pc-linux-gnu/6.3.1/liblto_plugin.so -plugin-opt=/usr/lib/gcc/x86_64-pc-linux-gnu/6.3.1/lto-wrapper -plugin-opt=-fresolution=/tmp/ccRVYxbN.res -plugin-opt=-pass-through=-lgcc -plugin-opt=-pass-through=-lgcc_s -plugin-opt=-pass-through=-lc -plugin-opt=-pass-through=-lgcc -plugin-opt=-pass-through=-lgcc_s --build-id --eh-frame-hdr --hash-style=gnu -m elf_x86_64 -dynamic-linker /lib64/ld-linux-x86-64.so.2 -o cmTC_78b1a /usr/lib/gcc/x86_64-pc-linux-gnu/6.3.1/../../../../lib/crt1.o /usr/lib/gcc/x86_64-pc-linux-gnu/6.3.1/../../../../lib/crti.o /usr/lib/gcc/x86_64-pc-linux-gnu/6.3.1/crtbegin.o -L/usr/lib/gcc/x86_64-pc-linux-gnu/6.3.1 -L/usr/lib/gcc/x86_64-pc-linux-gnu/6.3.1/../../../../lib -L/lib/../lib -L/usr/lib/../lib -L/usr/lib/gcc/x86_64-pc-linux-gnu/6.3.1/../../.. CMakeFiles/cmTC_78b1a.dir/CMakeCCompilerABI.c.o -lgcc --as-needed -lgcc_s --no-as-needed -lc -lgcc --as-needed -lgcc_s --no-as-needed /usr/lib/gcc/x86_64-pc-linux-gnu/6.3.1/crtend.o /usr/lib/gcc/x86_64-pc-linux-gnu/6.3.1/../../../../lib/crtn.o
COLLECT_GCC_OPTIONS='-v' '-o' 'cmTC_78b1a' '-mtune=generic' '-march=x86-64'
make[1]: Leaving directory '/home/kunterbunt/dev/omnetpp-5.0/samples/research-project/MaxDatarateSorter/cmake-build-debug/CMakeFiles/CMakeTmp'


Parsed C implicit link information from above output:
  link line regex: [^( *|.*[/\])(ld|([^/\]+-)?ld|collect2)[^/\]*( |$)]
  ignore line: [Change Dir: /home/kunterbunt/dev/omnetpp-5.0/samples/research-project/MaxDatarateSorter/cmake-build-debug/CMakeFiles/CMakeTmp]
  ignore line: []
  ignore line: [Run Build Command:"/usr/bin/make" "cmTC_78b1a/fast"]
  ignore line: [/usr/bin/make -f CMakeFiles/cmTC_78b1a.dir/build.make CMakeFiles/cmTC_78b1a.dir/build]
  ignore line: [make[1]: Entering directory '/home/kunterbunt/dev/omnetpp-5.0/samples/research-project/MaxDatarateSorter/cmake-build-debug/CMakeFiles/CMakeTmp']
  ignore line: [Building C object CMakeFiles/cmTC_78b1a.dir/CMakeCCompilerABI.c.o]
  ignore line: [/usr/bin/cc     -o CMakeFiles/cmTC_78b1a.dir/CMakeCCompilerABI.c.o   -c /opt/clion/bin/cmake/share/cmake-3.6/Modules/CMakeCCompilerABI.c]
  ignore line: [Linking C executable cmTC_78b1a]
  ignore line: [/opt/clion/bin/cmake/bin/cmake -E cmake_link_script CMakeFiles/cmTC_78b1a.dir/link.txt --verbose=1]
  ignore line: [/usr/bin/cc      -v CMakeFiles/cmTC_78b1a.dir/CMakeCCompilerABI.c.o  -o cmTC_78b1a  ]
  ignore line: [Using built-in specs.]
  ignore line: [COLLECT_GCC=/usr/bin/cc]
  ignore line: [COLLECT_LTO_WRAPPER=/usr/lib/gcc/x86_64-pc-linux-gnu/6.3.1/lto-wrapper]
  ignore line: [Target: x86_64-pc-linux-gnu]
  ignore line: [Configured with: /build/gcc/src/gcc/configure --prefix=/usr --libdir=/usr/lib --libexecdir=/usr/lib --mandir=/usr/share/man --infodir=/usr/share/info --with-bugurl=https://bugs.archlinux.org/ --enable-languages=c,c++,ada,fortran,go,lto,objc,obj-c++ --enable-shared --enable-threads=posix --enable-libmpx --with-system-zlib --with-isl --enable-__cxa_atexit --disable-libunwind-exceptions --enable-clocale=gnu --disable-libstdcxx-pch --disable-libssp --enable-gnu-unique-object --enable-linker-build-id --enable-lto --enable-plugin --enable-install-libiberty --with-linker-hash-style=gnu --enable-gnu-indirect-function --disable-multilib --disable-werror --enable-checking=release]
  ignore line: [Thread model: posix]
  ignore line: [gcc version 6.3.1 20170306 (GCC) ]
  ignore line: [COMPILER_PATH=/usr/lib/gcc/x86_64-pc-linux-gnu/6.3.1/:/usr/lib/gcc/x86_64-pc-linux-gnu/6.3.1/:/usr/lib/gcc/x86_64-pc-linux-gnu/:/usr/lib/gcc/x86_64-pc-linux-gnu/6.3.1/:/usr/lib/gcc/x86_64-pc-linux-gnu/]
  ignore line: [LIBRARY_PATH=/usr/lib/gcc/x86_64-pc-linux-gnu/6.3.1/:/usr/lib/gcc/x86_64-pc-linux-gnu/6.3.1/../../../../lib/:/lib/../lib/:/usr/lib/../lib/:/usr/lib/gcc/x86_64-pc-linux-gnu/6.3.1/../../../:/lib/:/usr/lib/]
  ignore line: [COLLECT_GCC_OPTIONS='-v' '-o' 'cmTC_78b1a' '-mtune=generic' '-march=x86-64']
  link line: [ /usr/lib/gcc/x86_64-pc-linux-gnu/6.3.1/collect2 -plugin /usr/lib/gcc/x86_64-pc-linux-gnu/6.3.1/liblto_plugin.so -plugin-opt=/usr/lib/gcc/x86_64-pc-linux-gnu/6.3.1/lto-wrapper -plugin-opt=-fresolution=/tmp/ccRVYxbN.res -plugin-opt=-pass-through=-lgcc -plugin-opt=-pass-through=-lgcc_s -plugin-opt=-pass-through=-lc -plugin-opt=-pass-through=-lgcc -plugin-opt=-pass-through=-lgcc_s --build-id --eh-frame-hdr --hash-style=gnu -m elf_x86_64 -dynamic-linker /lib64/ld-linux-x86-64.so.2 -o cmTC_78b1a /usr/lib/gcc/x86_64-pc-linux-gnu/6.3.1/../../../../lib/crt1.o /usr/lib/gcc/x86_64-pc-linux-gnu/6.3.1/../../../../lib/crti.o /usr/lib/gcc/x86_64-pc-linux-gnu/6.3.1/crtbegin.o -L/usr/lib/gcc/x86_64-pc-linux-gnu/6.3.1 -L/usr/lib/gcc/x86_64-pc-linux-gnu/6.3.1/../../../../lib -L/lib/../lib -L/usr/lib/../lib -L/usr/lib/gcc/x86_64-pc-linux-gnu/6.3.1/../../.. CMakeFiles/cmTC_78b1a.dir/CMakeCCompilerABI.c.o -lgcc --as-needed -lgcc_s --no-as-needed -lc -lgcc --as-needed -lgcc_s --no-as-needed /usr/lib/gcc/x86_64-pc-linux-gnu/6.3.1/crtend.o /usr/lib/gcc/x86_64-pc-linux-gnu/6.3.1/../../../../lib/crtn.o]
    arg [/usr/lib/gcc/x86_64-pc-linux-gnu/6.3.1/collect2] ==> ignore
    arg [-plugin] ==> ignore
    arg [/usr/lib/gcc/x86_64-pc-linux-gnu/6.3.1/liblto_plugin.so] ==> ignore
    arg [-plugin-opt=/usr/lib/gcc/x86_64-pc-linux-gnu/6.3.1/lto-wrapper] ==> ignore
    arg [-plugin-opt=-fresolution=/tmp/ccRVYxbN.res] ==> ignore
    arg [-plugin-opt=-pass-through=-lgcc] ==> ignore
    arg [-plugin-opt=-pass-through=-lgcc_s] ==> ignore
    arg [-plugin-opt=-pass-through=-lc] ==> ignore
    arg [-plugin-opt=-pass-through=-lgcc] ==> ignore
    arg [-plugin-opt=-pass-through=-lgcc_s] ==> ignore
    arg [--build-id] ==> ignore
    arg [--eh-frame-hdr] ==> ignore
    arg [--hash-style=gnu] ==> ignore
    arg [-m] ==> ignore
    arg [elf_x86_64] ==> ignore
    arg [-dynamic-linker] ==> ignore
    arg [/lib64/ld-linux-x86-64.so.2] ==> ignore
    arg [-o] ==> ignore
    arg [cmTC_78b1a] ==> ignore
    arg [/usr/lib/gcc/x86_64-pc-linux-gnu/6.3.1/../../../../lib/crt1.o] ==> ignore
    arg [/usr/lib/gcc/x86_64-pc-linux-gnu/6.3.1/../../../../lib/crti.o] ==> ignore
    arg [/usr/lib/gcc/x86_64-pc-linux-gnu/6.3.1/crtbegin.o] ==> ignore
    arg [-L/usr/lib/gcc/x86_64-pc-linux-gnu/6.3.1] ==> dir [/usr/lib/gcc/x86_64-pc-linux-gnu/6.3.1]
    arg [-L/usr/lib/gcc/x86_64-pc-linux-gnu/6.3.1/../../../../lib] ==> dir [/usr/lib/gcc/x86_64-pc-linux-gnu/6.3.1/../../../../lib]
    arg [-L/lib/../lib] ==> dir [/lib/../lib]
    arg [-L/usr/lib/../lib] ==> dir [/usr/lib/../lib]
    arg [-L/usr/lib/gcc/x86_64-pc-linux-gnu/6.3.1/../../..] ==> dir [/usr/lib/gcc/x86_64-pc-linux-gnu/6.3.1/../../..]
    arg [CMakeFiles/cmTC_78b1a.dir/CMakeCCompilerABI.c.o] ==> ignore
    arg [-lgcc] ==> lib [gcc]
    arg [--as-needed] ==> ignore
    arg [-lgcc_s] ==> lib [gcc_s]
    arg [--no-as-needed] ==> ignore
    arg [-lc] ==> lib [c]
    arg [-lgcc] ==> lib [gcc]
    arg [--as-needed] ==> ignore
    arg [-lgcc_s] ==> lib [gcc_s]
    arg [--no-as-needed] ==> ignore
    arg [/usr/lib/gcc/x86_64-pc-linux-gnu/6.3.1/crtend.o] ==> ignore
    arg [/usr/lib/gcc/x86_64-pc-linux-gnu/6.3.1/../../../../lib/crtn.o] ==> ignore
  remove lib [gcc]
  remove lib [gcc_s]
  remove lib [gcc]
  remove lib [gcc_s]
  collapse library dir [/usr/lib/gcc/x86_64-pc-linux-gnu/6.3.1] ==> [/usr/lib/gcc/x86_64-pc-linux-gnu/6.3.1]
  collapse library dir [/usr/lib/gcc/x86_64-pc-linux-gnu/6.3.1/../../../../lib] ==> [/usr/lib]
  collapse library dir [/lib/../lib] ==> [/lib]
  collapse library dir [/usr/lib/../lib] ==> [/usr/lib]
  collapse library dir [/usr/lib/gcc/x86_64-pc-linux-gnu/6.3.1/../../..] ==> [/usr/lib]
  implicit libs: [c]
  implicit dirs: [/usr/lib/gcc/x86_64-pc-linux-gnu/6.3.1;/usr/lib;/lib]
  implicit fwks: []




Detecting C [-std=c11] compiler features compiled with the following output:
Change Dir: /home/kunterbunt/dev/omnetpp-5.0/samples/research-project/MaxDatarateSorter/cmake-build-debug/CMakeFiles/CMakeTmp

Run Build Command:"/usr/bin/make" "cmTC_5f21e/fast"
/usr/bin/make -f CMakeFiles/cmTC_5f21e.dir/build.make CMakeFiles/cmTC_5f21e.dir/build
make[1]: Entering directory '/home/kunterbunt/dev/omnetpp-5.0/samples/research-project/MaxDatarateSorter/cmake-build-debug/CMakeFiles/CMakeTmp'
Building C object CMakeFiles/cmTC_5f21e.dir/feature_tests.c.o
/usr/bin/cc    -std=c11 -o CMakeFiles/cmTC_5f21e.dir/feature_tests.c.o   -c /home/kunterbunt/dev/omnetpp-5.0/samples/research-project/MaxDatarateSorter/cmake-build-debug/CMakeFiles/feature_tests.c
Linking C executable cmTC_5f21e
/opt/clion/bin/cmake/bin/cmake -E cmake_link_script CMakeFiles/cmTC_5f21e.dir/link.txt --verbose=1
/usr/bin/cc       CMakeFiles/cmTC_5f21e.dir/feature_tests.c.o  -o cmTC_5f21e 
make[1]: Leaving directory '/home/kunterbunt/dev/omnetpp-5.0/samples/research-project/MaxDatarateSorter/cmake-build-debug/CMakeFiles/CMakeTmp'


    Feature record: C_FEATURE:1c_function_prototypes
    Feature record: C_FEATURE:1c_restrict
    Feature record: C_FEATURE:1c_static_assert
    Feature record: C_FEATURE:1c_variadic_macros


Detecting C [-std=c99] compiler features compiled with the following output:
Change Dir: /home/kunterbunt/dev/omnetpp-5.0/samples/research-project/MaxDatarateSorter/cmake-build-debug/CMakeFiles/CMakeTmp

Run Build Command:"/usr/bin/make" "cmTC_1fb7e/fast"
/usr/bin/make -f CMakeFiles/cmTC_1fb7e.dir/build.make CMakeFiles/cmTC_1fb7e.dir/build
make[1]: Entering directory '/home/kunterbunt/dev/omnetpp-5.0/samples/research-project/MaxDatarateSorter/cmake-build-debug/CMakeFiles/CMakeTmp'
Building C object CMakeFiles/cmTC_1fb7e.dir/feature_tests.c.o
/usr/bin/cc    -std=c99 -o CMakeFiles/cmTC_1fb7e.dir/feature_tests.c.o   -c /home/kunterbunt/dev/omnetpp-5.0/samples/research-project/MaxDatarateSorter/cmake-build-debug/CMakeFiles/feature_tests.c
Linking C executable cmTC_1fb7e
/opt/clion/bin/cmake/bin/cmake -E cmake_link_script CMakeFiles/cmTC_1fb7e.dir/link.txt --verbose=1
/usr/bin/cc       CMakeFiles/cmTC_1fb7e.dir/feature_tests.c.o  -o cmTC_1fb7e 
make[1]: Leaving directory '/home/kunterbunt/dev/omnetpp-5.0/samples/research-project/MaxDatarateSorter/cmake-build-debug/CMakeFiles/CMakeTmp'


    Feature record: C_FEATURE:1c_function_prototypes
    Feature record: C_FEATURE:1c_restrict
    Feature record: C_FEATURE:0c_static_assert
    Feature record: C_FEATURE:1c_variadic_macros


Detecting C [-std=c90] compiler features compiled with the following output:
Change Dir: /home/kunterbunt/dev/omnetpp-5.0/samples/research-project/MaxDatarateSorter/cmake-build-debug/CMakeFiles/CMakeTmp

Run Build Command:"/usr/bin/make" "cmTC_bedac/fast"
/usr/bin/make -f CMakeFiles/cmTC_bedac.dir/build.make CMakeFiles/cmTC_bedac.dir/build
make[1]: Entering directory '/home/kunterbunt/dev/omnetpp-5.0/samples/research-project/MaxDatarateSorter/cmake-build-debug/CMakeFiles/CMakeTmp'
Building C object CMakeFiles/cmTC_bedac.dir/feature_tests.c.o
/usr/bin/cc    -std=c90 -o CMakeFiles/cmTC_bedac.dir/feature_tests.c.o   -c /home/kunterbunt/dev/omnetpp-5.0/samples/research-project/MaxDatarateSorter/cmake-build-debug/CMakeFiles/feature_tests.c
Linking C executable cmTC_bedac
/opt/clion/bin/cmake/bin/cmake -E cmake_link_script CMakeFiles/cmTC_bedac.dir/link.txt --verbose=1
/usr/bin/cc       CMakeFiles/cmTC_bedac.dir/feature_tests.c.o  -o cmTC_bedac 
make[1]: Leaving directory '/home/kunterbunt/dev/omnetpp-5.0/samples/research-project/MaxDatarateSorter/cmake-build-debug/CMakeFiles/CMakeTmp'


    Feature record: C_FEATURE:1c_function_prototypes
    Feature record: C_FEATURE:0c_restrict
    Feature record: C_FEATURE:0c_static_assert
    Feature record: C_FEATURE:0c_variadic_macros
Determining if the CXX compiler works passed with the following output:
Change Dir: /home/kunterbunt/dev/omnetpp-5.0/samples/research-project/MaxDatarateSorter/cmake-build-debug/CMakeFiles/CMakeTmp

Run Build Command:"/usr/bin/make" "cmTC_bcef3/fast"
/usr/bin/make -f CMakeFiles/cmTC_bcef3.dir/build.make CMakeFiles/cmTC_bcef3.dir/build
make[1]: Entering directory '/home/kunterbunt/dev/omnetpp-5.0/samples/research-project/MaxDatarateSorter/cmake-build-debug/CMakeFiles/CMakeTmp'
Building CXX object CMakeFiles/cmTC_bcef3.dir/testCXXCompiler.cxx.o
/usr/bin/c++      -o CMakeFiles/cmTC_bcef3.dir/testCXXCompiler.cxx.o -c /home/kunterbunt/dev/omnetpp-5.0/samples/research-project/MaxDatarateSorter/cmake-build-debug/CMakeFiles/CMakeTmp/testCXXCompiler.cxx
Linking CXX executable cmTC_bcef3
/opt/clion/bin/cmake/bin/cmake -E cmake_link_script CMakeFiles/cmTC_bcef3.dir/link.txt --verbose=1
/usr/bin/c++        CMakeFiles/cmTC_bcef3.dir/testCXXCompiler.cxx.o  -o cmTC_bcef3 
make[1]: Leaving directory '/home/kunterbunt/dev/omnetpp-5.0/samples/research-project/MaxDatarateSorter/cmake-build-debug/CMakeFiles/CMakeTmp'


Detecting CXX compiler ABI info compiled with the following output:
Change Dir: /home/kunterbunt/dev/omnetpp-5.0/samples/research-project/MaxDatarateSorter/cmake-build-debug/CMakeFiles/CMakeTmp

Run Build Command:"/usr/bin/make" "cmTC_fffaf/fast"
/usr/bin/make -f CMakeFiles/cmTC_fffaf.dir/build.make CMakeFiles/cmTC_fffaf.dir/build
make[1]: Entering directory '/home/kunterbunt/dev/omnetpp-5.0/samples/research-project/MaxDatarateSorter/cmake-build-debug/CMakeFiles/CMakeTmp'
Building CXX object CMakeFiles/cmTC_fffaf.dir/CMakeCXXCompilerABI.cpp.o
/usr/bin/c++      -o CMakeFiles/cmTC_fffaf.dir/CMakeCXXCompilerABI.cpp.o -c /opt/clion/bin/cmake/share/cmake-3.6/Modules/CMakeCXXCompilerABI.cpp
Linking CXX executable cmTC_fffaf
/opt/clion/bin/cmake/bin/cmake -E cmake_link_script CMakeFiles/cmTC_fffaf.dir/link.txt --verbose=1
/usr/bin/c++       -v CMakeFiles/cmTC_fffaf.dir/CMakeCXXCompilerABI.cpp.o  -o cmTC_fffaf  
Using built-in specs.
COLLECT_GCC=/usr/bin/c++
COLLECT_LTO_WRAPPER=/usr/lib/gcc/x86_64-pc-linux-gnu/6.3.1/lto-wrapper
Target: x86_64-pc-linux-gnu
Configured with: /build/gcc/src/gcc/configure --prefix=/usr --libdir=/usr/lib --libexecdir=/usr/lib --mandir=/usr/share/man --infodir=/usr/share/info --with-bugurl=https://bugs.archlinux.org/ --enable-languages=c,c++,ada,fortran,go,lto,objc,obj-c++ --enable-shared --enable-threads=posix --enable-libmpx --with-system-zlib --with-isl --enable-__cxa_atexit --disable-libunwind-exceptions --enable-clocale=gnu --disable-libstdcxx-pch --disable-libssp --enable-gnu-unique-object --enable-linker-build-id --enable-lto --enable-plugin --enable-install-libiberty --with-linker-hash-style=gnu --enable-gnu-indirect-function --disable-multilib --disable-werror --enable-checking=release
Thread model: posix
gcc version 6.3.1 20170306 (GCC) 
COMPILER_PATH=/usr/lib/gcc/x86_64-pc-linux-gnu/6.3.1/:/usr/lib/gcc/x86_64-pc-linux-gnu/6.3.1/:/usr/lib/gcc/x86_64-pc-linux-gnu/:/usr/lib/gcc/x86_64-pc-linux-gnu/6.3.1/:/usr/lib/gcc/x86_64-pc-linux-gnu/
LIBRARY_PATH=/usr/lib/gcc/x86_64-pc-linux-gnu/6.3.1/:/usr/lib/gcc/x86_64-pc-linux-gnu/6.3.1/../../../../lib/:/lib/../lib/:/usr/lib/../lib/:/usr/lib/gcc/x86_64-pc-linux-gnu/6.3.1/../../../:/lib/:/usr/lib/
COLLECT_GCC_OPTIONS='-v' '-o' 'cmTC_fffaf' '-shared-libgcc' '-mtune=generic' '-march=x86-64'
 /usr/lib/gcc/x86_64-pc-linux-gnu/6.3.1/collect2 -plugin /usr/lib/gcc/x86_64-pc-linux-gnu/6.3.1/liblto_plugin.so -plugin-opt=/usr/lib/gcc/x86_64-pc-linux-gnu/6.3.1/lto-wrapper -plugin-opt=-fresolution=/tmp/cc2kQc6b.res -plugin-opt=-pass-through=-lgcc_s -plugin-opt=-pass-through=-lgcc -plugin-opt=-pass-through=-lc -plugin-opt=-pass-through=-lgcc_s -plugin-opt=-pass-through=-lgcc --build-id --eh-frame-hdr --hash-style=gnu -m elf_x86_64 -dynamic-linker /lib64/ld-linux-x86-64.so.2 -o cmTC_fffaf /usr/lib/gcc/x86_64-pc-linux-gnu/6.3.1/../../../../lib/crt1.o /usr/lib/gcc/x86_64-pc-linux-gnu/6.3.1/../../../../lib/crti.o /usr/lib/gcc/x86_64-pc-linux-gnu/6.3.1/crtbegin.o -L/usr/lib/gcc/x86_64-pc-linux-gnu/6.3.1 -L/usr/lib/gcc/x86_64-pc-linux-gnu/6.3.1/../../../../lib -L/lib/../lib -L/usr/lib/../lib -L/usr/lib/gcc/x86_64-pc-linux-gnu/6.3.1/../../.. CMakeFiles/cmTC_fffaf.dir/CMakeCXXCompilerABI.cpp.o -lstdc++ -lm -lgcc_s -lgcc -lc -lgcc_s -lgcc /usr/lib/gcc/x86_64-pc-linux-gnu/6.3.1/crtend.o /usr/lib/gcc/x86_64-pc-linux-gnu/6.3.1/../../../../lib/crtn.o
COLLECT_GCC_OPTIONS='-v' '-o' 'cmTC_fffaf' '-shared-libgcc' '-mtune=generic' '-march=x86-64'
make[1]: Leaving directory '/home/kunterbunt/dev/omnetpp-5.0/samples/research-project/MaxDatarateSorter/cmake-build-debug/CMakeFiles/CMakeTmp'


Parsed CXX implicit link information from above output:
  link line regex: [^( *|.*[/\])(ld|([^/\]+-)?ld|collect2)[^/\]*( |$)]
  ignore line: [Change Dir: /home/kunterbunt/dev/omnetpp-5.0/samples/research-project/MaxDatarateSorter/cmake-build-debug/CMakeFiles/CMakeTmp]
  ignore line: []
  ignore line: [Run Build Command:"/usr/bin/make" "cmTC_fffaf/fast"]
  ignore line: [/usr/bin/make -f CMakeFiles/cmTC_fffaf.dir/build.make CMakeFiles/cmTC_fffaf.dir/build]
  ignore line: [make[1]: Entering directory '/home/kunterbunt/dev/omnetpp-5.0/samples/research-project/MaxDatarateSorter/cmake-build-debug/CMakeFiles/CMakeTmp']
  ignore line: [Building CXX object CMakeFiles/cmTC_fffaf.dir/CMakeCXXCompilerABI.cpp.o]
  ignore line: [/usr/bin/c++      -o CMakeFiles/cmTC_fffaf.dir/CMakeCXXCompilerABI.cpp.o -c /opt/clion/bin/cmake/share/cmake-3.6/Modules/CMakeCXXCompilerABI.cpp]
  ignore line: [Linking CXX executable cmTC_fffaf]
  ignore line: [/opt/clion/bin/cmake/bin/cmake -E cmake_link_script CMakeFiles/cmTC_fffaf.dir/link.txt --verbose=1]
  ignore line: [/usr/bin/c++       -v CMakeFiles/cmTC_fffaf.dir/CMakeCXXCompilerABI.cpp.o  -o cmTC_fffaf  ]
  ignore line: [Using built-in specs.]
  ignore line: [COLLECT_GCC=/usr/bin/c++]
  ignore line: [COLLECT_LTO_WRAPPER=/usr/lib/gcc/x86_64-pc-linux-gnu/6.3.1/lto-wrapper]
  ignore line: [Target: x86_64-pc-linux-gnu]
  ignore line: [Configured with: /build/gcc/src/gcc/configure --prefix=/usr --libdir=/usr/lib --libexecdir=/usr/lib --mandir=/usr/share/man --infodir=/usr/share/info --with-bugurl=https://bugs.archlinux.org/ --enable-languages=c,c++,ada,fortran,go,lto,objc,obj-c++ --enable-shared --enable-threads=posix --enable-libmpx --with-system-zlib --with-isl --enable-__cxa_atexit --disable-libunwind-exceptions --enable-clocale=gnu --disable-libstdcxx-pch --disable-libssp --enable-gnu-unique-object --enable-linker-build-id --enable-lto --enable-plugin --enable-install-libiberty --with-linker-hash-style=gnu --enable-gnu-indirect-function --disable-multilib --disable-werror --enable-checking=release]
  ignore line: [Thread model: posix]
  ignore line: [gcc version 6.3.1 20170306 (GCC) ]
  ignore line: [COMPILER_PATH=/usr/lib/gcc/x86_64-pc-linux-gnu/6.3.1/:/usr/lib/gcc/x86_64-pc-linux-gnu/6.3.1/:/usr/lib/gcc/x86_64-pc-linux-gnu/:/usr/lib/gcc/x86_64-pc-linux-gnu/6.3.1/:/usr/lib/gcc/x86_64-pc-linux-gnu/]
  ignore line: [LIBRARY_PATH=/usr/lib/gcc/x86_64-pc-linux-gnu/6.3.1/:/usr/lib/gcc/x86_64-pc-linux-gnu/6.3.1/../../../../lib/:/lib/../lib/:/usr/lib/../lib/:/usr/lib/gcc/x86_64-pc-linux-gnu/6.3.1/../../../:/lib/:/usr/lib/]
  ignore line: [COLLECT_GCC_OPTIONS='-v' '-o' 'cmTC_fffaf' '-shared-libgcc' '-mtune=generic' '-march=x86-64']
  link line: [ /usr/lib/gcc/x86_64-pc-linux-gnu/6.3.1/collect2 -plugin /usr/lib/gcc/x86_64-pc-linux-gnu/6.3.1/liblto_plugin.so -plugin-opt=/usr/lib/gcc/x86_64-pc-linux-gnu/6.3.1/lto-wrapper -plugin-opt=-fresolution=/tmp/cc2kQc6b.res -plugin-opt=-pass-through=-lgcc_s -plugin-opt=-pass-through=-lgcc -plugin-opt=-pass-through=-lc -plugin-opt=-pass-through=-lgcc_s -plugin-opt=-pass-through=-lgcc --build-id --eh-frame-hdr --hash-style=gnu -m elf_x86_64 -dynamic-linker /lib64/ld-linux-x86-64.so.2 -o cmTC_fffaf /usr/lib/gcc/x86_64-pc-linux-gnu/6.3.1/../../../../lib/crt1.o /usr/lib/gcc/x86_64-pc-linux-gnu/6.3.1/../../../../lib/crti.o /usr/lib/gcc/x86_64-pc-linux-gnu/6.3.1/crtbegin.o -L/usr/lib/gcc/x86_64-pc-linux-gnu/6.3.1 -L/usr/lib/gcc/x86_64-pc-linux-gnu/6.3.1/../../../../lib -L/lib/../lib -L/usr/lib/../lib -L/usr/lib/gcc/x86_64-pc-linux-gnu/6.3.1/../../.. CMakeFiles/cmTC_fffaf.dir/CMakeCXXCompilerABI.cpp.o -lstdc++ -lm -lgcc_s -lgcc -lc -lgcc_s -lgcc /usr/lib/gcc/x86_64-pc-linux-gnu/6.3.1/crtend.o /usr/lib/gcc/x86_64-pc-linux-gnu/6.3.1/../../../../lib/crtn.o]
    arg [/usr/lib/gcc/x86_64-pc-linux-gnu/6.3.1/collect2] ==> ignore
    arg [-plugin] ==> ignore
    arg [/usr/lib/gcc/x86_64-pc-linux-gnu/6.3.1/liblto_plugin.so] ==> ignore
    arg [-plugin-opt=/usr/lib/gcc/x86_64-pc-linux-gnu/6.3.1/lto-wrapper] ==> ignore
    arg [-plugin-opt=-fresolution=/tmp/cc2kQc6b.res] ==> ignore
    arg [-plugin-opt=-pass-through=-lgcc_s] ==> ignore
    arg [-plugin-opt=-pass-through=-lgcc] ==> ignore
    arg [-plugin-opt=-pass-through=-lc] ==> ignore
    arg [-plugin-opt=-pass-through=-lgcc_s] ==> ignore
    arg [-plugin-opt=-pass-through=-lgcc] ==> ignore
    arg [--build-id] ==> ignore
    arg [--eh-frame-hdr] ==> ignore
    arg [--hash-style=gnu] ==> ignore
    arg [-m] ==> ignore
    arg [elf_x86_64] ==> ignore
    arg [-dynamic-linker] ==> ignore
    arg [/lib64/ld-linux-x86-64.so.2] ==> ignore
    arg [-o] ==> ignore
    arg [cmTC_fffaf] ==> ignore
    arg [/usr/lib/gcc/x86_64-pc-linux-gnu/6.3.1/../../../../lib/crt1.o] ==> ignore
    arg [/usr/lib/gcc/x86_64-pc-linux-gnu/6.3.1/../../../../lib/crti.o] ==> ignore
    arg [/usr/lib/gcc/x86_64-pc-linux-gnu/6.3.1/crtbegin.o] ==> ignore
    arg [-L/usr/lib/gcc/x86_64-pc-linux-gnu/6.3.1] ==> dir [/usr/lib/gcc/x86_64-pc-linux-gnu/6.3.1]
    arg [-L/usr/lib/gcc/x86_64-pc-linux-gnu/6.3.1/../../../../lib] ==> dir [/usr/lib/gcc/x86_64-pc-linux-gnu/6.3.1/../../../../lib]
    arg [-L/lib/../lib] ==> dir [/lib/../lib]
    arg [-L/usr/lib/../lib] ==> dir [/usr/lib/../lib]
    arg [-L/usr/lib/gcc/x86_64-pc-linux-gnu/6.3.1/../../..] ==> dir [/usr/lib/gcc/x86_64-pc-linux-gnu/6.3.1/../../..]
    arg [CMakeFiles/cmTC_fffaf.dir/CMakeCXXCompilerABI.cpp.o] ==> ignore
    arg [-lstdc++] ==> lib [stdc++]
    arg [-lm] ==> lib [m]
    arg [-lgcc_s] ==> lib [gcc_s]
    arg [-lgcc] ==> lib [gcc]
    arg [-lc] ==> lib [c]
    arg [-lgcc_s] ==> lib [gcc_s]
    arg [-lgcc] ==> lib [gcc]
    arg [/usr/lib/gcc/x86_64-pc-linux-gnu/6.3.1/crtend.o] ==> ignore
    arg [/usr/lib/gcc/x86_64-pc-linux-gnu/6.3.1/../../../../lib/crtn.o] ==> ignore
  remove lib [gcc_s]
  remove lib [gcc]
  remove lib [gcc_s]
  remove lib [gcc]
  collapse library dir [/usr/lib/gcc/x86_64-pc-linux-gnu/6.3.1] ==> [/usr/lib/gcc/x86_64-pc-linux-gnu/6.3.1]
  collapse library dir [/usr/lib/gcc/x86_64-pc-linux-gnu/6.3.1/../../../../lib] ==> [/usr/lib]
  collapse library dir [/lib/../lib] ==> [/lib]
  collapse library dir [/usr/lib/../lib] ==> [/usr/lib]
  collapse library dir [/usr/lib/gcc/x86_64-pc-linux-gnu/6.3.1/../../..] ==> [/usr/lib]
  implicit libs: [stdc++;m;c]
  implicit dirs: [/usr/lib/gcc/x86_64-pc-linux-gnu/6.3.1;/usr/lib;/lib]
  implicit fwks: []




Detecting CXX [-std=c++14] compiler features compiled with the following output:
Change Dir: /home/kunterbunt/dev/omnetpp-5.0/samples/research-project/MaxDatarateSorter/cmake-build-debug/CMakeFiles/CMakeTmp

Run Build Command:"/usr/bin/make" "cmTC_61d9d/fast"
/usr/bin/make -f CMakeFiles/cmTC_61d9d.dir/build.make CMakeFiles/cmTC_61d9d.dir/build
make[1]: Entering directory '/home/kunterbunt/dev/omnetpp-5.0/samples/research-project/MaxDatarateSorter/cmake-build-debug/CMakeFiles/CMakeTmp'
Building CXX object CMakeFiles/cmTC_61d9d.dir/feature_tests.cxx.o
/usr/bin/c++     -std=c++14 -o CMakeFiles/cmTC_61d9d.dir/feature_tests.cxx.o -c /home/kunterbunt/dev/omnetpp-5.0/samples/research-project/MaxDatarateSorter/cmake-build-debug/CMakeFiles/feature_tests.cxx
Linking CXX executable cmTC_61d9d
/opt/clion/bin/cmake/bin/cmake -E cmake_link_script CMakeFiles/cmTC_61d9d.dir/link.txt --verbose=1
/usr/bin/c++        CMakeFiles/cmTC_61d9d.dir/feature_tests.cxx.o  -o cmTC_61d9d 
make[1]: Leaving directory '/home/kunterbunt/dev/omnetpp-5.0/samples/research-project/MaxDatarateSorter/cmake-build-debug/CMakeFiles/CMakeTmp'


    Feature record: CXX_FEATURE:1cxx_aggregate_default_initializers
    Feature record: CXX_FEATURE:1cxx_alias_templates
    Feature record: CXX_FEATURE:1cxx_alignas
    Feature record: CXX_FEATURE:1cxx_alignof
    Feature record: CXX_FEATURE:1cxx_attributes
    Feature record: CXX_FEATURE:1cxx_attribute_deprecated
    Feature record: CXX_FEATURE:1cxx_auto_type
    Feature record: CXX_FEATURE:1cxx_binary_literals
    Feature record: CXX_FEATURE:1cxx_constexpr
    Feature record: CXX_FEATURE:1cxx_contextual_conversions
    Feature record: CXX_FEATURE:1cxx_decltype
    Feature record: CXX_FEATURE:1cxx_decltype_auto
    Feature record: CXX_FEATURE:1cxx_decltype_incomplete_return_types
    Feature record: CXX_FEATURE:1cxx_default_function_template_args
    Feature record: CXX_FEATURE:1cxx_defaulted_functions
    Feature record: CXX_FEATURE:1cxx_defaulted_move_initializers
    Feature record: CXX_FEATURE:1cxx_delegating_constructors
    Feature record: CXX_FEATURE:1cxx_deleted_functions
    Feature record: CXX_FEATURE:1cxx_digit_separators
    Feature record: CXX_FEATURE:1cxx_enum_forward_declarations
    Feature record: CXX_FEATURE:1cxx_explicit_conversions
    Feature record: CXX_FEATURE:1cxx_extended_friend_declarations
    Feature record: CXX_FEATURE:1cxx_extern_templates
    Feature record: CXX_FEATURE:1cxx_final
    Feature record: CXX_FEATURE:1cxx_func_identifier
    Feature record: CXX_FEATURE:1cxx_generalized_initializers
    Feature record: CXX_FEATURE:1cxx_generic_lambdas
    Feature record: CXX_FEATURE:1cxx_inheriting_constructors
    Feature record: CXX_FEATURE:1cxx_inline_namespaces
    Feature record: CXX_FEATURE:1cxx_lambdas
    Feature record: CXX_FEATURE:1cxx_lambda_init_captures
    Feature record: CXX_FEATURE:1cxx_local_type_template_args
    Feature record: CXX_FEATURE:1cxx_long_long_type
    Feature record: CXX_FEATURE:1cxx_noexcept
    Feature record: CXX_FEATURE:1cxx_nonstatic_member_init
    Feature record: CXX_FEATURE:1cxx_nullptr
    Feature record: CXX_FEATURE:1cxx_override
    Feature record: CXX_FEATURE:1cxx_range_for
    Feature record: CXX_FEATURE:1cxx_raw_string_literals
    Feature record: CXX_FEATURE:1cxx_reference_qualified_functions
    Feature record: CXX_FEATURE:1cxx_relaxed_constexpr
    Feature record: CXX_FEATURE:1cxx_return_type_deduction
    Feature record: CXX_FEATURE:1cxx_right_angle_brackets
    Feature record: CXX_FEATURE:1cxx_rvalue_references
    Feature record: CXX_FEATURE:1cxx_sizeof_member
    Feature record: CXX_FEATURE:1cxx_static_assert
    Feature record: CXX_FEATURE:1cxx_strong_enums
    Feature record: CXX_FEATURE:1cxx_template_template_parameters
    Feature record: CXX_FEATURE:1cxx_thread_local
    Feature record: CXX_FEATURE:1cxx_trailing_return_types
    Feature record: CXX_FEATURE:1cxx_unicode_literals
    Feature record: CXX_FEATURE:1cxx_uniform_initialization
    Feature record: CXX_FEATURE:1cxx_unrestricted_unions
    Feature record: CXX_FEATURE:1cxx_user_literals
    Feature record: CXX_FEATURE:1cxx_variable_templates
    Feature record: CXX_FEATURE:1cxx_variadic_macros
    Feature record: CXX_FEATURE:1cxx_variadic_templates


Detecting CXX [-std=c++11] compiler features compiled with the following output:
Change Dir: /home/kunterbunt/dev/omnetpp-5.0/samples/research-project/MaxDatarateSorter/cmake-build-debug/CMakeFiles/CMakeTmp

Run Build Command:"/usr/bin/make" "cmTC_0e1ab/fast"
/usr/bin/make -f CMakeFiles/cmTC_0e1ab.dir/build.make CMakeFiles/cmTC_0e1ab.dir/build
make[1]: Entering directory '/home/kunterbunt/dev/omnetpp-5.0/samples/research-project/MaxDatarateSorter/cmake-build-debug/CMakeFiles/CMakeTmp'
Building CXX object CMakeFiles/cmTC_0e1ab.dir/feature_tests.cxx.o
/usr/bin/c++     -std=c++11 -o CMakeFiles/cmTC_0e1ab.dir/feature_tests.cxx.o -c /home/kunterbunt/dev/omnetpp-5.0/samples/research-project/MaxDatarateSorter/cmake-build-debug/CMakeFiles/feature_tests.cxx
Linking CXX executable cmTC_0e1ab
/opt/clion/bin/cmake/bin/cmake -E cmake_link_script CMakeFiles/cmTC_0e1ab.dir/link.txt --verbose=1
/usr/bin/c++        CMakeFiles/cmTC_0e1ab.dir/feature_tests.cxx.o  -o cmTC_0e1ab 
make[1]: Leaving directory '/home/kunterbunt/dev/omnetpp-5.0/samples/research-project/MaxDatarateSorter/cmake-build-debug/CMakeFiles/CMakeTmp'


    Feature record: CXX_FEATURE:0cxx_aggregate_default_initializers
    Feature record: CXX_FEATURE:1cxx_alias_templates
    Feature record: CXX_FEATURE:1cxx_alignas
    Feature record: CXX_FEATURE:1cxx_alignof
    Feature record: CXX_FEATURE:1cxx_attributes
    Feature record: CXX_FEATURE:0cxx_attribute_deprecated
    Feature record: CXX_FEATURE:1cxx_auto_type
    Feature record: CXX_FEATURE:0cxx_binary_literals
    Feature record: CXX_FEATURE:1cxx_constexpr
    Feature record: CXX_FEATURE:0cxx_contextual_conversions
    Feature record: CXX_FEATURE:1cxx_decltype
    Feature record: CXX_FEATURE:0cxx_decltype_auto
    Feature record: CXX_FEATURE:1cxx_decltype_incomplete_return_types
    Feature record: CXX_FEATURE:1cxx_default_function_template_args
    Feature record: CXX_FEATURE:1cxx_defaulted_functions
    Feature record: CXX_FEATURE:1cxx_defaulted_move_initializers
    Feature record: CXX_FEATURE:1cxx_delegating_constructors
    Feature record: CXX_FEATURE:1cxx_deleted_functions
    Feature record: CXX_FEATURE:0cxx_digit_separators
    Feature record: CXX_FEATURE:1cxx_enum_forward_declarations
    Feature record: CXX_FEATURE:1cxx_explicit_conversions
    Feature record: CXX_FEATURE:1cxx_extended_friend_declarations
    Feature record: CXX_FEATURE:1cxx_extern_templates
    Feature record: CXX_FEATURE:1cxx_final
    Feature record: CXX_FEATURE:1cxx_func_identifier
    Feature record: CXX_FEATURE:1cxx_generalized_initializers
    Feature record: CXX_FEATURE:0cxx_generic_lambdas
    Feature record: CXX_FEATURE:1cxx_inheriting_constructors
    Feature record: CXX_FEATURE:1cxx_inline_namespaces
    Feature record: CXX_FEATURE:1cxx_lambdas
    Feature record: CXX_FEATURE:0cxx_lambda_init_captures
    Feature record: CXX_FEATURE:1cxx_local_type_template_args
    Feature record: CXX_FEATURE:1cxx_long_long_type
    Feature record: CXX_FEATURE:1cxx_noexcept
    Feature record: CXX_FEATURE:1cxx_nonstatic_member_init
    Feature record: CXX_FEATURE:1cxx_nullptr
    Feature record: CXX_FEATURE:1cxx_override
    Feature record: CXX_FEATURE:1cxx_range_for
    Feature record: CXX_FEATURE:1cxx_raw_string_literals
    Feature record: CXX_FEATURE:1cxx_reference_qualified_functions
    Feature record: CXX_FEATURE:0cxx_relaxed_constexpr
    Feature record: CXX_FEATURE:0cxx_return_type_deduction
    Feature record: CXX_FEATURE:1cxx_right_angle_brackets
    Feature record: CXX_FEATURE:1cxx_rvalue_references
    Feature record: CXX_FEATURE:1cxx_sizeof_member
    Feature record: CXX_FEATURE:1cxx_static_assert
    Feature record: CXX_FEATURE:1cxx_strong_enums
    Feature record: CXX_FEATURE:1cxx_template_template_parameters
    Feature record: CXX_FEATURE:1cxx_thread_local
    Feature record: CXX_FEATURE:1cxx_trailing_return_types
    Feature record: CXX_FEATURE:1cxx_unicode_literals
    Feature record: CXX_FEATURE:1cxx_uniform_initialization
    Feature record: CXX_FEATURE:1cxx_unrestricted_unions
    Feature record: CXX_FEATURE:1cxx_user_literals
    Feature record: CXX_FEATURE:0cxx_variable_templates
    Feature record: CXX_FEATURE:1cxx_variadic_macros
    Feature record: CXX_FEATURE:1cxx_variadic_templates


Detecting CXX [-std=c++98] compiler features compiled with the following output:
Change Dir: /home/kunterbunt/dev/omnetpp-5.0/samples/research-project/MaxDatarateSorter/cmake-build-debug/CMakeFiles/CMakeTmp

Run Build Command:"/usr/bin/make" "cmTC_52901/fast"
/usr/bin/make -f CMakeFiles/cmTC_52901.dir/build.make CMakeFiles/cmTC_52901.dir/build
make[1]: Entering directory '/home/kunterbunt/dev/omnetpp-5.0/samples/research-project/MaxDatarateSorter/cmake-build-debug/CMakeFiles/CMakeTmp'
Building CXX object CMakeFiles/cmTC_52901.dir/feature_tests.cxx.o
/usr/bin/c++     -std=c++98 -o CMakeFiles/cmTC_52901.dir/feature_tests.cxx.o -c /home/kunterbunt/dev/omnetpp-5.0/samples/research-project/MaxDatarateSorter/cmake-build-debug/CMakeFiles/feature_tests.cxx
Linking CXX executable cmTC_52901
/opt/clion/bin/cmake/bin/cmake -E cmake_link_script CMakeFiles/cmTC_52901.dir/link.txt --verbose=1
/usr/bin/c++        CMakeFiles/cmTC_52901.dir/feature_tests.cxx.o  -o cmTC_52901 
make[1]: Leaving directory '/home/kunterbunt/dev/omnetpp-5.0/samples/research-project/MaxDatarateSorter/cmake-build-debug/CMakeFiles/CMakeTmp'


    Feature record: CXX_FEATURE:0cxx_aggregate_default_initializers
    Feature record: CXX_FEATURE:0cxx_alias_templates
    Feature record: CXX_FEATURE:0cxx_alignas
    Feature record: CXX_FEATURE:0cxx_alignof
    Feature record: CXX_FEATURE:0cxx_attributes
    Feature record: CXX_FEATURE:0cxx_attribute_deprecated
    Feature record: CXX_FEATURE:0cxx_auto_type
    Feature record: CXX_FEATURE:0cxx_binary_literals
    Feature record: CXX_FEATURE:0cxx_constexpr
    Feature record: CXX_FEATURE:0cxx_contextual_conversions
    Feature record: CXX_FEATURE:0cxx_decltype
    Feature record: CXX_FEATURE:0cxx_decltype_auto
    Feature record: CXX_FEATURE:0cxx_decltype_incomplete_return_types
    Feature record: CXX_FEATURE:0cxx_default_function_template_args
    Feature record: CXX_FEATURE:0cxx_defaulted_functions
    Feature record: CXX_FEATURE:0cxx_defaulted_move_initializers
    Feature record: CXX_FEATURE:0cxx_delegating_constructors
    Feature record: CXX_FEATURE:0cxx_deleted_functions
    Feature record: CXX_FEATURE:0cxx_digit_separators
    Feature record: CXX_FEATURE:0cxx_enum_forward_declarations
    Feature record: CXX_FEATURE:0cxx_explicit_conversions
    Feature record: CXX_FEATURE:0cxx_extended_friend_declarations
    Feature record: CXX_FEATURE:0cxx_extern_templates
    Feature record: CXX_FEATURE:0cxx_final
    Feature record: CXX_FEATURE:0cxx_func_identifier
    Feature record: CXX_FEATURE:0cxx_generalized_initializers
    Feature record: CXX_FEATURE:0cxx_generic_lambdas
    Feature record: CXX_FEATURE:0cxx_inheriting_constructors
    Feature record: CXX_FEATURE:0cxx_inline_namespaces
    Feature record: CXX_FEATURE:0cxx_lambdas
    Feature record: CXX_FEATURE:0cxx_lambda_init_captures
    Feature record: CXX_FEATURE:0cxx_local_type_template_args
    Feature record: CXX_FEATURE:0cxx_long_long_type
    Feature record: CXX_FEATURE:0cxx_noexcept
    Feature record: CXX_FEATURE:0cxx_nonstatic_member_init
    Feature record: CXX_FEATURE:0cxx_nullptr
    Feature record: CXX_FEATURE:0cxx_override
    Feature record: CXX_FEATURE:0cxx_range_for
    Feature record: CXX_FEATURE:0cxx_raw_string_literals
    Feature record: CXX_FEATURE:0cxx_reference_qualified_functions
    Feature record: CXX_FEATURE:0cxx_relaxed_constexpr
    Feature record: CXX_FEATURE:0cxx_return_type_deduction
    Feature record: CXX_FEATURE:0cxx_right_angle_brackets
    Feature record: CXX_FEATURE:0cxx_rvalue_references
    Feature record: CXX_FEATURE:0cxx_sizeof_member
    Feature record: CXX_FEATURE:0cxx_static_assert
    Feature record: CXX_FEATURE:0cxx_strong_enums
    Feature record: CXX_FEATURE:1cxx_template_template_parameters
    Feature record: CXX_FEATURE:0cxx_thread_local
    Feature record: CXX_FEATURE:0cxx_trailing_return_types
    Feature record: CXX_FEATURE:0cxx_unicode_literals
    Feature record: CXX_FEATURE:0cxx_uniform_initialization
    Feature record: CXX_FEATURE:0cxx_unrestricted_unions
    Feature record: CXX_FEATURE:0cxx_user_literals
    Feature record: CXX_FEATURE:0cxx_variable_templates
    Feature record: CXX_FEATURE:0cxx_variadic_macros
    Feature record: CXX_FEATURE:0cxx_variadic_templates
The system is: Linux - 4.10.2-1-ARCH - x86_64
Compiling the C compiler identification source file "CMakeCCompilerId.c" succeeded.
Compiler: /usr/bin/cc 
Build flags: 
Id flags: 

The output was:
0


Compilation of the C compiler identification source "CMakeCCompilerId.c" produced "a.out"

The C compiler identification is GNU, found in "/home/kunterbunt/dev/omnetpp-5.0/samples/research-project/MaxDatarateSorter/cmake-build-debug/CMakeFiles/3.6.3/CompilerIdC/a.out"

Compiling the CXX compiler identification source file "CMakeCXXCompilerId.cpp" succeeded.
Compiler: /usr/bin/c++ 
Build flags: 
Id flags: 

The output was:
0


Compilation of the CXX compiler identification source "CMakeCXXCompilerId.cpp" produced "a.out"

The CXX compiler identification is GNU, found in "/home/kunterbunt/dev/omnetpp-5.0/samples/research-project/MaxDatarateSorter/cmake-build-debug/CMakeFiles/3.6.3/CompilerIdCXX/a.out"

Determining if the C compiler works passed with the following output:
Change Dir: /home/kunterbunt/dev/omnetpp-5.0/samples/research-project/MaxDatarateSorter/cmake-build-debug/CMakeFiles/CMakeTmp

Run Build Command:"/usr/bin/make" "cmTC_20376/fast"
make[1]: Entering directory '/home/kunterbunt/dev/omnetpp-5.0/samples/research-project/MaxDatarateSorter/cmake-build-debug/CMakeFiles/CMakeTmp'
/usr/bin/make -f CMakeFiles/cmTC_20376.dir/build.make CMakeFiles/cmTC_20376.dir/build
make[2]: Entering directory '/home/kunterbunt/dev/omnetpp-5.0/samples/research-project/MaxDatarateSorter/cmake-build-debug/CMakeFiles/CMakeTmp'
Building C object CMakeFiles/cmTC_20376.dir/testCCompiler.c.o
/usr/bin/cc     -o CMakeFiles/cmTC_20376.dir/testCCompiler.c.o   -c /home/kunterbunt/dev/omnetpp-5.0/samples/research-project/MaxDatarateSorter/cmake-build-debug/CMakeFiles/CMakeTmp/testCCompiler.c
Linking C executable cmTC_20376
/opt/clion/bin/cmake/bin/cmake -E cmake_link_script CMakeFiles/cmTC_20376.dir/link.txt --verbose=1
/usr/bin/cc       CMakeFiles/cmTC_20376.dir/testCCompiler.c.o  -o cmTC_20376 
make[2]: Leaving directory '/home/kunterbunt/dev/omnetpp-5.0/samples/research-project/MaxDatarateSorter/cmake-build-debug/CMakeFiles/CMakeTmp'
make[1]: Leaving directory '/home/kunterbunt/dev/omnetpp-5.0/samples/research-project/MaxDatarateSorter/cmake-build-debug/CMakeFiles/CMakeTmp'


Detecting C compiler ABI info compiled with the following output:
Change Dir: /home/kunterbunt/dev/omnetpp-5.0/samples/research-project/MaxDatarateSorter/cmake-build-debug/CMakeFiles/CMakeTmp

Run Build Command:"/usr/bin/make" "cmTC_cb5fa/fast"
make[1]: Entering directory '/home/kunterbunt/dev/omnetpp-5.0/samples/research-project/MaxDatarateSorter/cmake-build-debug/CMakeFiles/CMakeTmp'
/usr/bin/make -f CMakeFiles/cmTC_cb5fa.dir/build.make CMakeFiles/cmTC_cb5fa.dir/build
make[2]: Entering directory '/home/kunterbunt/dev/omnetpp-5.0/samples/research-project/MaxDatarateSorter/cmake-build-debug/CMakeFiles/CMakeTmp'
Building C object CMakeFiles/cmTC_cb5fa.dir/CMakeCCompilerABI.c.o
/usr/bin/cc     -o CMakeFiles/cmTC_cb5fa.dir/CMakeCCompilerABI.c.o   -c /opt/clion/bin/cmake/share/cmake-3.6/Modules/CMakeCCompilerABI.c
Linking C executable cmTC_cb5fa
/opt/clion/bin/cmake/bin/cmake -E cmake_link_script CMakeFiles/cmTC_cb5fa.dir/link.txt --verbose=1
/usr/bin/cc      -v CMakeFiles/cmTC_cb5fa.dir/CMakeCCompilerABI.c.o  -o cmTC_cb5fa  
Using built-in specs.
COLLECT_GCC=/usr/bin/cc
COLLECT_LTO_WRAPPER=/usr/lib/gcc/x86_64-pc-linux-gnu/6.3.1/lto-wrapper
Target: x86_64-pc-linux-gnu
Configured with: /build/gcc/src/gcc/configure --prefix=/usr --libdir=/usr/lib --libexecdir=/usr/lib --mandir=/usr/share/man --infodir=/usr/share/info --with-bugurl=https://bugs.archlinux.org/ --enable-languages=c,c++,ada,fortran,go,lto,objc,obj-c++ --enable-shared --enable-threads=posix --enable-libmpx --with-system-zlib --with-isl --enable-__cxa_atexit --disable-libunwind-exceptions --enable-clocale=gnu --disable-libstdcxx-pch --disable-libssp --enable-gnu-unique-object --enable-linker-build-id --enable-lto --enable-plugin --enable-install-libiberty --with-linker-hash-style=gnu --enable-gnu-indirect-function --disable-multilib --disable-werror --enable-checking=release
Thread model: posix
gcc version 6.3.1 20170306 (GCC) 
COMPILER_PATH=/usr/lib/gcc/x86_64-pc-linux-gnu/6.3.1/:/usr/lib/gcc/x86_64-pc-linux-gnu/6.3.1/:/usr/lib/gcc/x86_64-pc-linux-gnu/:/usr/lib/gcc/x86_64-pc-linux-gnu/6.3.1/:/usr/lib/gcc/x86_64-pc-linux-gnu/
LIBRARY_PATH=/usr/lib/gcc/x86_64-pc-linux-gnu/6.3.1/:/usr/lib/gcc/x86_64-pc-linux-gnu/6.3.1/../../../../lib/:/lib/../lib/:/usr/lib/../lib/:/usr/lib/gcc/x86_64-pc-linux-gnu/6.3.1/../../../:/lib/:/usr/lib/
COLLECT_GCC_OPTIONS='-v' '-o' 'cmTC_cb5fa' '-mtune=generic' '-march=x86-64'
 /usr/lib/gcc/x86_64-pc-linux-gnu/6.3.1/collect2 -plugin /usr/lib/gcc/x86_64-pc-linux-gnu/6.3.1/liblto_plugin.so -plugin-opt=/usr/lib/gcc/x86_64-pc-linux-gnu/6.3.1/lto-wrapper -plugin-opt=-fresolution=/tmp/ccDr3gDu.res -plugin-opt=-pass-through=-lgcc -plugin-opt=-pass-through=-lgcc_s -plugin-opt=-pass-through=-lc -plugin-opt=-pass-through=-lgcc -plugin-opt=-pass-through=-lgcc_s --build-id --eh-frame-hdr --hash-style=gnu -m elf_x86_64 -dynamic-linker /lib64/ld-linux-x86-64.so.2 -o cmTC_cb5fa /usr/lib/gcc/x86_64-pc-linux-gnu/6.3.1/../../../../lib/crt1.o /usr/lib/gcc/x86_64-pc-linux-gnu/6.3.1/../../../../lib/crti.o /usr/lib/gcc/x86_64-pc-linux-gnu/6.3.1/crtbegin.o -L/usr/lib/gcc/x86_64-pc-linux-gnu/6.3.1 -L/usr/lib/gcc/x86_64-pc-linux-gnu/6.3.1/../../../../lib -L/lib/../lib -L/usr/lib/../lib -L/usr/lib/gcc/x86_64-pc-linux-gnu/6.3.1/../../.. CMakeFiles/cmTC_cb5fa.dir/CMakeCCompilerABI.c.o -lgcc --as-needed -lgcc_s --no-as-needed -lc -lgcc --as-needed -lgcc_s --no-as-needed /usr/lib/gcc/x86_64-pc-linux-gnu/6.3.1/crtend.o /usr/lib/gcc/x86_64-pc-linux-gnu/6.3.1/../../../../lib/crtn.o
COLLECT_GCC_OPTIONS='-v' '-o' 'cmTC_cb5fa' '-mtune=generic' '-march=x86-64'
make[2]: Leaving directory '/home/kunterbunt/dev/omnetpp-5.0/samples/research-project/MaxDatarateSorter/cmake-build-debug/CMakeFiles/CMakeTmp'
make[1]: Leaving directory '/home/kunterbunt/dev/omnetpp-5.0/samples/research-project/MaxDatarateSorter/cmake-build-debug/CMakeFiles/CMakeTmp'


Parsed C implicit link information from above output:
  link line regex: [^( *|.*[/\])(ld|([^/\]+-)?ld|collect2)[^/\]*( |$)]
  ignore line: [Change Dir: /home/kunterbunt/dev/omnetpp-5.0/samples/research-project/MaxDatarateSorter/cmake-build-debug/CMakeFiles/CMakeTmp]
  ignore line: []
  ignore line: [Run Build Command:"/usr/bin/make" "cmTC_cb5fa/fast"]
  ignore line: [make[1]: Entering directory '/home/kunterbunt/dev/omnetpp-5.0/samples/research-project/MaxDatarateSorter/cmake-build-debug/CMakeFiles/CMakeTmp']
  ignore line: [/usr/bin/make -f CMakeFiles/cmTC_cb5fa.dir/build.make CMakeFiles/cmTC_cb5fa.dir/build]
  ignore line: [make[2]: Entering directory '/home/kunterbunt/dev/omnetpp-5.0/samples/research-project/MaxDatarateSorter/cmake-build-debug/CMakeFiles/CMakeTmp']
  ignore line: [Building C object CMakeFiles/cmTC_cb5fa.dir/CMakeCCompilerABI.c.o]
  ignore line: [/usr/bin/cc     -o CMakeFiles/cmTC_cb5fa.dir/CMakeCCompilerABI.c.o   -c /opt/clion/bin/cmake/share/cmake-3.6/Modules/CMakeCCompilerABI.c]
  ignore line: [Linking C executable cmTC_cb5fa]
  ignore line: [/opt/clion/bin/cmake/bin/cmake -E cmake_link_script CMakeFiles/cmTC_cb5fa.dir/link.txt --verbose=1]
  ignore line: [/usr/bin/cc      -v CMakeFiles/cmTC_cb5fa.dir/CMakeCCompilerABI.c.o  -o cmTC_cb5fa  ]
  ignore line: [Using built-in specs.]
  ignore line: [COLLECT_GCC=/usr/bin/cc]
  ignore line: [COLLECT_LTO_WRAPPER=/usr/lib/gcc/x86_64-pc-linux-gnu/6.3.1/lto-wrapper]
  ignore line: [Target: x86_64-pc-linux-gnu]
  ignore line: [Configured with: /build/gcc/src/gcc/configure --prefix=/usr --libdir=/usr/lib --libexecdir=/usr/lib --mandir=/usr/share/man --infodir=/usr/share/info --with-bugurl=https://bugs.archlinux.org/ --enable-languages=c,c++,ada,fortran,go,lto,objc,obj-c++ --enable-shared --enable-threads=posix --enable-libmpx --with-system-zlib --with-isl --enable-__cxa_atexit --disable-libunwind-exceptions --enable-clocale=gnu --disable-libstdcxx-pch --disable-libssp --enable-gnu-unique-object --enable-linker-build-id --enable-lto --enable-plugin --enable-install-libiberty --with-linker-hash-style=gnu --enable-gnu-indirect-function --disable-multilib --disable-werror --enable-checking=release]
  ignore line: [Thread model: posix]
  ignore line: [gcc version 6.3.1 20170306 (GCC) ]
  ignore line: [COMPILER_PATH=/usr/lib/gcc/x86_64-pc-linux-gnu/6.3.1/:/usr/lib/gcc/x86_64-pc-linux-gnu/6.3.1/:/usr/lib/gcc/x86_64-pc-linux-gnu/:/usr/lib/gcc/x86_64-pc-linux-gnu/6.3.1/:/usr/lib/gcc/x86_64-pc-linux-gnu/]
  ignore line: [LIBRARY_PATH=/usr/lib/gcc/x86_64-pc-linux-gnu/6.3.1/:/usr/lib/gcc/x86_64-pc-linux-gnu/6.3.1/../../../../lib/:/lib/../lib/:/usr/lib/../lib/:/usr/lib/gcc/x86_64-pc-linux-gnu/6.3.1/../../../:/lib/:/usr/lib/]
  ignore line: [COLLECT_GCC_OPTIONS='-v' '-o' 'cmTC_cb5fa' '-mtune=generic' '-march=x86-64']
  link line: [ /usr/lib/gcc/x86_64-pc-linux-gnu/6.3.1/collect2 -plugin /usr/lib/gcc/x86_64-pc-linux-gnu/6.3.1/liblto_plugin.so -plugin-opt=/usr/lib/gcc/x86_64-pc-linux-gnu/6.3.1/lto-wrapper -plugin-opt=-fresolution=/tmp/ccDr3gDu.res -plugin-opt=-pass-through=-lgcc -plugin-opt=-pass-through=-lgcc_s -plugin-opt=-pass-through=-lc -plugin-opt=-pass-through=-lgcc -plugin-opt=-pass-through=-lgcc_s --build-id --eh-frame-hdr --hash-style=gnu -m elf_x86_64 -dynamic-linker /lib64/ld-linux-x86-64.so.2 -o cmTC_cb5fa /usr/lib/gcc/x86_64-pc-linux-gnu/6.3.1/../../../../lib/crt1.o /usr/lib/gcc/x86_64-pc-linux-gnu/6.3.1/../../../../lib/crti.o /usr/lib/gcc/x86_64-pc-linux-gnu/6.3.1/crtbegin.o -L/usr/lib/gcc/x86_64-pc-linux-gnu/6.3.1 -L/usr/lib/gcc/x86_64-pc-linux-gnu/6.3.1/../../../../lib -L/lib/../lib -L/usr/lib/../lib -L/usr/lib/gcc/x86_64-pc-linux-gnu/6.3.1/../../.. CMakeFiles/cmTC_cb5fa.dir/CMakeCCompilerABI.c.o -lgcc --as-needed -lgcc_s --no-as-needed -lc -lgcc --as-needed -lgcc_s --no-as-needed /usr/lib/gcc/x86_64-pc-linux-gnu/6.3.1/crtend.o /usr/lib/gcc/x86_64-pc-linux-gnu/6.3.1/../../../../lib/crtn.o]
    arg [/usr/lib/gcc/x86_64-pc-linux-gnu/6.3.1/collect2] ==> ignore
    arg [-plugin] ==> ignore
    arg [/usr/lib/gcc/x86_64-pc-linux-gnu/6.3.1/liblto_plugin.so] ==> ignore
    arg [-plugin-opt=/usr/lib/gcc/x86_64-pc-linux-gnu/6.3.1/lto-wrapper] ==> ignore
    arg [-plugin-opt=-fresolution=/tmp/ccDr3gDu.res] ==> ignore
    arg [-plugin-opt=-pass-through=-lgcc] ==> ignore
    arg [-plugin-opt=-pass-through=-lgcc_s] ==> ignore
    arg [-plugin-opt=-pass-through=-lc] ==> ignore
    arg [-plugin-opt=-pass-through=-lgcc] ==> ignore
    arg [-plugin-opt=-pass-through=-lgcc_s] ==> ignore
    arg [--build-id] ==> ignore
    arg [--eh-frame-hdr] ==> ignore
    arg [--hash-style=gnu] ==> ignore
    arg [-m] ==> ignore
    arg [elf_x86_64] ==> ignore
    arg [-dynamic-linker] ==> ignore
    arg [/lib64/ld-linux-x86-64.so.2] ==> ignore
    arg [-o] ==> ignore
    arg [cmTC_cb5fa] ==> ignore
    arg [/usr/lib/gcc/x86_64-pc-linux-gnu/6.3.1/../../../../lib/crt1.o] ==> ignore
    arg [/usr/lib/gcc/x86_64-pc-linux-gnu/6.3.1/../../../../lib/crti.o] ==> ignore
    arg [/usr/lib/gcc/x86_64-pc-linux-gnu/6.3.1/crtbegin.o] ==> ignore
    arg [-L/usr/lib/gcc/x86_64-pc-linux-gnu/6.3.1] ==> dir [/usr/lib/gcc/x86_64-pc-linux-gnu/6.3.1]
    arg [-L/usr/lib/gcc/x86_64-pc-linux-gnu/6.3.1/../../../../lib] ==> dir [/usr/lib/gcc/x86_64-pc-linux-gnu/6.3.1/../../../../lib]
    arg [-L/lib/../lib] ==> dir [/lib/../lib]
    arg [-L/usr/lib/../lib] ==> dir [/usr/lib/../lib]
    arg [-L/usr/lib/gcc/x86_64-pc-linux-gnu/6.3.1/../../..] ==> dir [/usr/lib/gcc/x86_64-pc-linux-gnu/6.3.1/../../..]
    arg [CMakeFiles/cmTC_cb5fa.dir/CMakeCCompilerABI.c.o] ==> ignore
    arg [-lgcc] ==> lib [gcc]
    arg [--as-needed] ==> ignore
    arg [-lgcc_s] ==> lib [gcc_s]
    arg [--no-as-needed] ==> ignore
    arg [-lc] ==> lib [c]
    arg [-lgcc] ==> lib [gcc]
    arg [--as-needed] ==> ignore
    arg [-lgcc_s] ==> lib [gcc_s]
    arg [--no-as-needed] ==> ignore
    arg [/usr/lib/gcc/x86_64-pc-linux-gnu/6.3.1/crtend.o] ==> ignore
    arg [/usr/lib/gcc/x86_64-pc-linux-gnu/6.3.1/../../../../lib/crtn.o] ==> ignore
  remove lib [gcc]
  remove lib [gcc_s]
  remove lib [gcc]
  remove lib [gcc_s]
  collapse library dir [/usr/lib/gcc/x86_64-pc-linux-gnu/6.3.1] ==> [/usr/lib/gcc/x86_64-pc-linux-gnu/6.3.1]
  collapse library dir [/usr/lib/gcc/x86_64-pc-linux-gnu/6.3.1/../../../../lib] ==> [/usr/lib]
  collapse library dir [/lib/../lib] ==> [/lib]
  collapse library dir [/usr/lib/../lib] ==> [/usr/lib]
  collapse library dir [/usr/lib/gcc/x86_64-pc-linux-gnu/6.3.1/../../..] ==> [/usr/lib]
  implicit libs: [c]
  implicit dirs: [/usr/lib/gcc/x86_64-pc-linux-gnu/6.3.1;/usr/lib;/lib]
  implicit fwks: []




Detecting C [-std=c11] compiler features compiled with the following output:
Change Dir: /home/kunterbunt/dev/omnetpp-5.0/samples/research-project/MaxDatarateSorter/cmake-build-debug/CMakeFiles/CMakeTmp

Run Build Command:"/usr/bin/make" "cmTC_52fae/fast"
make[1]: Entering directory '/home/kunterbunt/dev/omnetpp-5.0/samples/research-project/MaxDatarateSorter/cmake-build-debug/CMakeFiles/CMakeTmp'
/usr/bin/make -f CMakeFiles/cmTC_52fae.dir/build.make CMakeFiles/cmTC_52fae.dir/build
make[2]: Entering directory '/home/kunterbunt/dev/omnetpp-5.0/samples/research-project/MaxDatarateSorter/cmake-build-debug/CMakeFiles/CMakeTmp'
Building C object CMakeFiles/cmTC_52fae.dir/feature_tests.c.o
/usr/bin/cc    -std=c11 -o CMakeFiles/cmTC_52fae.dir/feature_tests.c.o   -c /home/kunterbunt/dev/omnetpp-5.0/samples/research-project/MaxDatarateSorter/cmake-build-debug/CMakeFiles/feature_tests.c
Linking C executable cmTC_52fae
/opt/clion/bin/cmake/bin/cmake -E cmake_link_script CMakeFiles/cmTC_52fae.dir/link.txt --verbose=1
/usr/bin/cc       CMakeFiles/cmTC_52fae.dir/feature_tests.c.o  -o cmTC_52fae 
make[2]: Leaving directory '/home/kunterbunt/dev/omnetpp-5.0/samples/research-project/MaxDatarateSorter/cmake-build-debug/CMakeFiles/CMakeTmp'
make[1]: Leaving directory '/home/kunterbunt/dev/omnetpp-5.0/samples/research-project/MaxDatarateSorter/cmake-build-debug/CMakeFiles/CMakeTmp'


    Feature record: C_FEATURE:1c_function_prototypes
    Feature record: C_FEATURE:1c_restrict
    Feature record: C_FEATURE:1c_static_assert
    Feature record: C_FEATURE:1c_variadic_macros


Detecting C [-std=c99] compiler features compiled with the following output:
Change Dir: /home/kunterbunt/dev/omnetpp-5.0/samples/research-project/MaxDatarateSorter/cmake-build-debug/CMakeFiles/CMakeTmp

Run Build Command:"/usr/bin/make" "cmTC_e0d9d/fast"
make[1]: Entering directory '/home/kunterbunt/dev/omnetpp-5.0/samples/research-project/MaxDatarateSorter/cmake-build-debug/CMakeFiles/CMakeTmp'
/usr/bin/make -f CMakeFiles/cmTC_e0d9d.dir/build.make CMakeFiles/cmTC_e0d9d.dir/build
make[2]: Entering directory '/home/kunterbunt/dev/omnetpp-5.0/samples/research-project/MaxDatarateSorter/cmake-build-debug/CMakeFiles/CMakeTmp'
Building C object CMakeFiles/cmTC_e0d9d.dir/feature_tests.c.o
/usr/bin/cc    -std=c99 -o CMakeFiles/cmTC_e0d9d.dir/feature_tests.c.o   -c /home/kunterbunt/dev/omnetpp-5.0/samples/research-project/MaxDatarateSorter/cmake-build-debug/CMakeFiles/feature_tests.c
Linking C executable cmTC_e0d9d
/opt/clion/bin/cmake/bin/cmake -E cmake_link_script CMakeFiles/cmTC_e0d9d.dir/link.txt --verbose=1
/usr/bin/cc       CMakeFiles/cmTC_e0d9d.dir/feature_tests.c.o  -o cmTC_e0d9d 
make[2]: Leaving directory '/home/kunterbunt/dev/omnetpp-5.0/samples/research-project/MaxDatarateSorter/cmake-build-debug/CMakeFiles/CMakeTmp'
make[1]: Leaving directory '/home/kunterbunt/dev/omnetpp-5.0/samples/research-project/MaxDatarateSorter/cmake-build-debug/CMakeFiles/CMakeTmp'


    Feature record: C_FEATURE:1c_function_prototypes
    Feature record: C_FEATURE:1c_restrict
    Feature record: C_FEATURE:0c_static_assert
    Feature record: C_FEATURE:1c_variadic_macros


Detecting C [-std=c90] compiler features compiled with the following output:
Change Dir: /home/kunterbunt/dev/omnetpp-5.0/samples/research-project/MaxDatarateSorter/cmake-build-debug/CMakeFiles/CMakeTmp

Run Build Command:"/usr/bin/make" "cmTC_192eb/fast"
make[1]: Entering directory '/home/kunterbunt/dev/omnetpp-5.0/samples/research-project/MaxDatarateSorter/cmake-build-debug/CMakeFiles/CMakeTmp'
/usr/bin/make -f CMakeFiles/cmTC_192eb.dir/build.make CMakeFiles/cmTC_192eb.dir/build
make[2]: Entering directory '/home/kunterbunt/dev/omnetpp-5.0/samples/research-project/MaxDatarateSorter/cmake-build-debug/CMakeFiles/CMakeTmp'
Building C object CMakeFiles/cmTC_192eb.dir/feature_tests.c.o
/usr/bin/cc    -std=c90 -o CMakeFiles/cmTC_192eb.dir/feature_tests.c.o   -c /home/kunterbunt/dev/omnetpp-5.0/samples/research-project/MaxDatarateSorter/cmake-build-debug/CMakeFiles/feature_tests.c
Linking C executable cmTC_192eb
/opt/clion/bin/cmake/bin/cmake -E cmake_link_script CMakeFiles/cmTC_192eb.dir/link.txt --verbose=1
/usr/bin/cc       CMakeFiles/cmTC_192eb.dir/feature_tests.c.o  -o cmTC_192eb 
make[2]: Leaving directory '/home/kunterbunt/dev/omnetpp-5.0/samples/research-project/MaxDatarateSorter/cmake-build-debug/CMakeFiles/CMakeTmp'
make[1]: Leaving directory '/home/kunterbunt/dev/omnetpp-5.0/samples/research-project/MaxDatarateSorter/cmake-build-debug/CMakeFiles/CMakeTmp'


    Feature record: C_FEATURE:1c_function_prototypes
    Feature record: C_FEATURE:0c_restrict
    Feature record: C_FEATURE:0c_static_assert
    Feature record: C_FEATURE:0c_variadic_macros
Determining if the CXX compiler works passed with the following output:
Change Dir: /home/kunterbunt/dev/omnetpp-5.0/samples/research-project/MaxDatarateSorter/cmake-build-debug/CMakeFiles/CMakeTmp

Run Build Command:"/usr/bin/make" "cmTC_dae41/fast"
make[1]: Entering directory '/home/kunterbunt/dev/omnetpp-5.0/samples/research-project/MaxDatarateSorter/cmake-build-debug/CMakeFiles/CMakeTmp'
/usr/bin/make -f CMakeFiles/cmTC_dae41.dir/build.make CMakeFiles/cmTC_dae41.dir/build
make[2]: Entering directory '/home/kunterbunt/dev/omnetpp-5.0/samples/research-project/MaxDatarateSorter/cmake-build-debug/CMakeFiles/CMakeTmp'
Building CXX object CMakeFiles/cmTC_dae41.dir/testCXXCompiler.cxx.o
/usr/bin/c++      -o CMakeFiles/cmTC_dae41.dir/testCXXCompiler.cxx.o -c /home/kunterbunt/dev/omnetpp-5.0/samples/research-project/MaxDatarateSorter/cmake-build-debug/CMakeFiles/CMakeTmp/testCXXCompiler.cxx
Linking CXX executable cmTC_dae41
/opt/clion/bin/cmake/bin/cmake -E cmake_link_script CMakeFiles/cmTC_dae41.dir/link.txt --verbose=1
/usr/bin/c++        CMakeFiles/cmTC_dae41.dir/testCXXCompiler.cxx.o  -o cmTC_dae41 
make[2]: Leaving directory '/home/kunterbunt/dev/omnetpp-5.0/samples/research-project/MaxDatarateSorter/cmake-build-debug/CMakeFiles/CMakeTmp'
make[1]: Leaving directory '/home/kunterbunt/dev/omnetpp-5.0/samples/research-project/MaxDatarateSorter/cmake-build-debug/CMakeFiles/CMakeTmp'


Detecting CXX compiler ABI info compiled with the following output:
Change Dir: /home/kunterbunt/dev/omnetpp-5.0/samples/research-project/MaxDatarateSorter/cmake-build-debug/CMakeFiles/CMakeTmp

Run Build Command:"/usr/bin/make" "cmTC_d158e/fast"
make[1]: Entering directory '/home/kunterbunt/dev/omnetpp-5.0/samples/research-project/MaxDatarateSorter/cmake-build-debug/CMakeFiles/CMakeTmp'
/usr/bin/make -f CMakeFiles/cmTC_d158e.dir/build.make CMakeFiles/cmTC_d158e.dir/build
make[2]: Entering directory '/home/kunterbunt/dev/omnetpp-5.0/samples/research-project/MaxDatarateSorter/cmake-build-debug/CMakeFiles/CMakeTmp'
Building CXX object CMakeFiles/cmTC_d158e.dir/CMakeCXXCompilerABI.cpp.o
/usr/bin/c++      -o CMakeFiles/cmTC_d158e.dir/CMakeCXXCompilerABI.cpp.o -c /opt/clion/bin/cmake/share/cmake-3.6/Modules/CMakeCXXCompilerABI.cpp
Linking CXX executable cmTC_d158e
/opt/clion/bin/cmake/bin/cmake -E cmake_link_script CMakeFiles/cmTC_d158e.dir/link.txt --verbose=1
/usr/bin/c++       -v CMakeFiles/cmTC_d158e.dir/CMakeCXXCompilerABI.cpp.o  -o cmTC_d158e  
Using built-in specs.
COLLECT_GCC=/usr/bin/c++
COLLECT_LTO_WRAPPER=/usr/lib/gcc/x86_64-pc-linux-gnu/6.3.1/lto-wrapper
Target: x86_64-pc-linux-gnu
Configured with: /build/gcc/src/gcc/configure --prefix=/usr --libdir=/usr/lib --libexecdir=/usr/lib --mandir=/usr/share/man --infodir=/usr/share/info --with-bugurl=https://bugs.archlinux.org/ --enable-languages=c,c++,ada,fortran,go,lto,objc,obj-c++ --enable-shared --enable-threads=posix --enable-libmpx --with-system-zlib --with-isl --enable-__cxa_atexit --disable-libunwind-exceptions --enable-clocale=gnu --disable-libstdcxx-pch --disable-libssp --enable-gnu-unique-object --enable-linker-build-id --enable-lto --enable-plugin --enable-install-libiberty --with-linker-hash-style=gnu --enable-gnu-indirect-function --disable-multilib --disable-werror --enable-checking=release
Thread model: posix
gcc version 6.3.1 20170306 (GCC) 
COMPILER_PATH=/usr/lib/gcc/x86_64-pc-linux-gnu/6.3.1/:/usr/lib/gcc/x86_64-pc-linux-gnu/6.3.1/:/usr/lib/gcc/x86_64-pc-linux-gnu/:/usr/lib/gcc/x86_64-pc-linux-gnu/6.3.1/:/usr/lib/gcc/x86_64-pc-linux-gnu/
LIBRARY_PATH=/usr/lib/gcc/x86_64-pc-linux-gnu/6.3.1/:/usr/lib/gcc/x86_64-pc-linux-gnu/6.3.1/../../../../lib/:/lib/../lib/:/usr/lib/../lib/:/usr/lib/gcc/x86_64-pc-linux-gnu/6.3.1/../../../:/lib/:/usr/lib/
COLLECT_GCC_OPTIONS='-v' '-o' 'cmTC_d158e' '-shared-libgcc' '-mtune=generic' '-march=x86-64'
 /usr/lib/gcc/x86_64-pc-linux-gnu/6.3.1/collect2 -plugin /usr/lib/gcc/x86_64-pc-linux-gnu/6.3.1/liblto_plugin.so -plugin-opt=/usr/lib/gcc/x86_64-pc-linux-gnu/6.3.1/lto-wrapper -plugin-opt=-fresolution=/tmp/ccGRcEtg.res -plugin-opt=-pass-through=-lgcc_s -plugin-opt=-pass-through=-lgcc -plugin-opt=-pass-through=-lc -plugin-opt=-pass-through=-lgcc_s -plugin-opt=-pass-through=-lgcc --build-id --eh-frame-hdr --hash-style=gnu -m elf_x86_64 -dynamic-linker /lib64/ld-linux-x86-64.so.2 -o cmTC_d158e /usr/lib/gcc/x86_64-pc-linux-gnu/6.3.1/../../../../lib/crt1.o /usr/lib/gcc/x86_64-pc-linux-gnu/6.3.1/../../../../lib/crti.o /usr/lib/gcc/x86_64-pc-linux-gnu/6.3.1/crtbegin.o -L/usr/lib/gcc/x86_64-pc-linux-gnu/6.3.1 -L/usr/lib/gcc/x86_64-pc-linux-gnu/6.3.1/../../../../lib -L/lib/../lib -L/usr/lib/../lib -L/usr/lib/gcc/x86_64-pc-linux-gnu/6.3.1/../../.. CMakeFiles/cmTC_d158e.dir/CMakeCXXCompilerABI.cpp.o -lstdc++ -lm -lgcc_s -lgcc -lc -lgcc_s -lgcc /usr/lib/gcc/x86_64-pc-linux-gnu/6.3.1/crtend.o /usr/lib/gcc/x86_64-pc-linux-gnu/6.3.1/../../../../lib/crtn.o
COLLECT_GCC_OPTIONS='-v' '-o' 'cmTC_d158e' '-shared-libgcc' '-mtune=generic' '-march=x86-64'
make[2]: Leaving directory '/home/kunterbunt/dev/omnetpp-5.0/samples/research-project/MaxDatarateSorter/cmake-build-debug/CMakeFiles/CMakeTmp'
make[1]: Leaving directory '/home/kunterbunt/dev/omnetpp-5.0/samples/research-project/MaxDatarateSorter/cmake-build-debug/CMakeFiles/CMakeTmp'


Parsed CXX implicit link information from above output:
  link line regex: [^( *|.*[/\])(ld|([^/\]+-)?ld|collect2)[^/\]*( |$)]
  ignore line: [Change Dir: /home/kunterbunt/dev/omnetpp-5.0/samples/research-project/MaxDatarateSorter/cmake-build-debug/CMakeFiles/CMakeTmp]
  ignore line: []
  ignore line: [Run Build Command:"/usr/bin/make" "cmTC_d158e/fast"]
  ignore line: [make[1]: Entering directory '/home/kunterbunt/dev/omnetpp-5.0/samples/research-project/MaxDatarateSorter/cmake-build-debug/CMakeFiles/CMakeTmp']
  ignore line: [/usr/bin/make -f CMakeFiles/cmTC_d158e.dir/build.make CMakeFiles/cmTC_d158e.dir/build]
  ignore line: [make[2]: Entering directory '/home/kunterbunt/dev/omnetpp-5.0/samples/research-project/MaxDatarateSorter/cmake-build-debug/CMakeFiles/CMakeTmp']
  ignore line: [Building CXX object CMakeFiles/cmTC_d158e.dir/CMakeCXXCompilerABI.cpp.o]
  ignore line: [/usr/bin/c++      -o CMakeFiles/cmTC_d158e.dir/CMakeCXXCompilerABI.cpp.o -c /opt/clion/bin/cmake/share/cmake-3.6/Modules/CMakeCXXCompilerABI.cpp]
  ignore line: [Linking CXX executable cmTC_d158e]
  ignore line: [/opt/clion/bin/cmake/bin/cmake -E cmake_link_script CMakeFiles/cmTC_d158e.dir/link.txt --verbose=1]
  ignore line: [/usr/bin/c++       -v CMakeFiles/cmTC_d158e.dir/CMakeCXXCompilerABI.cpp.o  -o cmTC_d158e  ]
  ignore line: [Using built-in specs.]
  ignore line: [COLLECT_GCC=/usr/bin/c++]
  ignore line: [COLLECT_LTO_WRAPPER=/usr/lib/gcc/x86_64-pc-linux-gnu/6.3.1/lto-wrapper]
  ignore line: [Target: x86_64-pc-linux-gnu]
  ignore line: [Configured with: /build/gcc/src/gcc/configure --prefix=/usr --libdir=/usr/lib --libexecdir=/usr/lib --mandir=/usr/share/man --infodir=/usr/share/info --with-bugurl=https://bugs.archlinux.org/ --enable-languages=c,c++,ada,fortran,go,lto,objc,obj-c++ --enable-shared --enable-threads=posix --enable-libmpx --with-system-zlib --with-isl --enable-__cxa_atexit --disable-libunwind-exceptions --enable-clocale=gnu --disable-libstdcxx-pch --disable-libssp --enable-gnu-unique-object --enable-linker-build-id --enable-lto --enable-plugin --enable-install-libiberty --with-linker-hash-style=gnu --enable-gnu-indirect-function --disable-multilib --disable-werror --enable-checking=release]
  ignore line: [Thread model: posix]
  ignore line: [gcc version 6.3.1 20170306 (GCC) ]
  ignore line: [COMPILER_PATH=/usr/lib/gcc/x86_64-pc-linux-gnu/6.3.1/:/usr/lib/gcc/x86_64-pc-linux-gnu/6.3.1/:/usr/lib/gcc/x86_64-pc-linux-gnu/:/usr/lib/gcc/x86_64-pc-linux-gnu/6.3.1/:/usr/lib/gcc/x86_64-pc-linux-gnu/]
  ignore line: [LIBRARY_PATH=/usr/lib/gcc/x86_64-pc-linux-gnu/6.3.1/:/usr/lib/gcc/x86_64-pc-linux-gnu/6.3.1/../../../../lib/:/lib/../lib/:/usr/lib/../lib/:/usr/lib/gcc/x86_64-pc-linux-gnu/6.3.1/../../../:/lib/:/usr/lib/]
  ignore line: [COLLECT_GCC_OPTIONS='-v' '-o' 'cmTC_d158e' '-shared-libgcc' '-mtune=generic' '-march=x86-64']
  link line: [ /usr/lib/gcc/x86_64-pc-linux-gnu/6.3.1/collect2 -plugin /usr/lib/gcc/x86_64-pc-linux-gnu/6.3.1/liblto_plugin.so -plugin-opt=/usr/lib/gcc/x86_64-pc-linux-gnu/6.3.1/lto-wrapper -plugin-opt=-fresolution=/tmp/ccGRcEtg.res -plugin-opt=-pass-through=-lgcc_s -plugin-opt=-pass-through=-lgcc -plugin-opt=-pass-through=-lc -plugin-opt=-pass-through=-lgcc_s -plugin-opt=-pass-through=-lgcc --build-id --eh-frame-hdr --hash-style=gnu -m elf_x86_64 -dynamic-linker /lib64/ld-linux-x86-64.so.2 -o cmTC_d158e /usr/lib/gcc/x86_64-pc-linux-gnu/6.3.1/../../../../lib/crt1.o /usr/lib/gcc/x86_64-pc-linux-gnu/6.3.1/../../../../lib/crti.o /usr/lib/gcc/x86_64-pc-linux-gnu/6.3.1/crtbegin.o -L/usr/lib/gcc/x86_64-pc-linux-gnu/6.3.1 -L/usr/lib/gcc/x86_64-pc-linux-gnu/6.3.1/../../../../lib -L/lib/../lib -L/usr/lib/../lib -L/usr/lib/gcc/x86_64-pc-linux-gnu/6.3.1/../../.. CMakeFiles/cmTC_d158e.dir/CMakeCXXCompilerABI.cpp.o -lstdc++ -lm -lgcc_s -lgcc -lc -lgcc_s -lgcc /usr/lib/gcc/x86_64-pc-linux-gnu/6.3.1/crtend.o /usr/lib/gcc/x86_64-pc-linux-gnu/6.3.1/../../../../lib/crtn.o]
    arg [/usr/lib/gcc/x86_64-pc-linux-gnu/6.3.1/collect2] ==> ignore
    arg [-plugin] ==> ignore
    arg [/usr/lib/gcc/x86_64-pc-linux-gnu/6.3.1/liblto_plugin.so] ==> ignore
    arg [-plugin-opt=/usr/lib/gcc/x86_64-pc-linux-gnu/6.3.1/lto-wrapper] ==> ignore
    arg [-plugin-opt=-fresolution=/tmp/ccGRcEtg.res] ==> ignore
    arg [-plugin-opt=-pass-through=-lgcc_s] ==> ignore
    arg [-plugin-opt=-pass-through=-lgcc] ==> ignore
    arg [-plugin-opt=-pass-through=-lc] ==> ignore
    arg [-plugin-opt=-pass-through=-lgcc_s] ==> ignore
    arg [-plugin-opt=-pass-through=-lgcc] ==> ignore
    arg [--build-id] ==> ignore
    arg [--eh-frame-hdr] ==> ignore
    arg [--hash-style=gnu] ==> ignore
    arg [-m] ==> ignore
    arg [elf_x86_64] ==> ignore
    arg [-dynamic-linker] ==> ignore
    arg [/lib64/ld-linux-x86-64.so.2] ==> ignore
    arg [-o] ==> ignore
    arg [cmTC_d158e] ==> ignore
    arg [/usr/lib/gcc/x86_64-pc-linux-gnu/6.3.1/../../../../lib/crt1.o] ==> ignore
    arg [/usr/lib/gcc/x86_64-pc-linux-gnu/6.3.1/../../../../lib/crti.o] ==> ignore
    arg [/usr/lib/gcc/x86_64-pc-linux-gnu/6.3.1/crtbegin.o] ==> ignore
    arg [-L/usr/lib/gcc/x86_64-pc-linux-gnu/6.3.1] ==> dir [/usr/lib/gcc/x86_64-pc-linux-gnu/6.3.1]
    arg [-L/usr/lib/gcc/x86_64-pc-linux-gnu/6.3.1/../../../../lib] ==> dir [/usr/lib/gcc/x86_64-pc-linux-gnu/6.3.1/../../../../lib]
    arg [-L/lib/../lib] ==> dir [/lib/../lib]
    arg [-L/usr/lib/../lib] ==> dir [/usr/lib/../lib]
    arg [-L/usr/lib/gcc/x86_64-pc-linux-gnu/6.3.1/../../..] ==> dir [/usr/lib/gcc/x86_64-pc-linux-gnu/6.3.1/../../..]
    arg [CMakeFiles/cmTC_d158e.dir/CMakeCXXCompilerABI.cpp.o] ==> ignore
    arg [-lstdc++] ==> lib [stdc++]
    arg [-lm] ==> lib [m]
    arg [-lgcc_s] ==> lib [gcc_s]
    arg [-lgcc] ==> lib [gcc]
    arg [-lc] ==> lib [c]
    arg [-lgcc_s] ==> lib [gcc_s]
    arg [-lgcc] ==> lib [gcc]
    arg [/usr/lib/gcc/x86_64-pc-linux-gnu/6.3.1/crtend.o] ==> ignore
    arg [/usr/lib/gcc/x86_64-pc-linux-gnu/6.3.1/../../../../lib/crtn.o] ==> ignore
  remove lib [gcc_s]
  remove lib [gcc]
  remove lib [gcc_s]
  remove lib [gcc]
  collapse library dir [/usr/lib/gcc/x86_64-pc-linux-gnu/6.3.1] ==> [/usr/lib/gcc/x86_64-pc-linux-gnu/6.3.1]
  collapse library dir [/usr/lib/gcc/x86_64-pc-linux-gnu/6.3.1/../../../../lib] ==> [/usr/lib]
  collapse library dir [/lib/../lib] ==> [/lib]
  collapse library dir [/usr/lib/../lib] ==> [/usr/lib]
  collapse library dir [/usr/lib/gcc/x86_64-pc-linux-gnu/6.3.1/../../..] ==> [/usr/lib]
  implicit libs: [stdc++;m;c]
  implicit dirs: [/usr/lib/gcc/x86_64-pc-linux-gnu/6.3.1;/usr/lib;/lib]
  implicit fwks: []




Detecting CXX [-std=c++14] compiler features compiled with the following output:
Change Dir: /home/kunterbunt/dev/omnetpp-5.0/samples/research-project/MaxDatarateSorter/cmake-build-debug/CMakeFiles/CMakeTmp

Run Build Command:"/usr/bin/make" "cmTC_de544/fast"
make[1]: Entering directory '/home/kunterbunt/dev/omnetpp-5.0/samples/research-project/MaxDatarateSorter/cmake-build-debug/CMakeFiles/CMakeTmp'
/usr/bin/make -f CMakeFiles/cmTC_de544.dir/build.make CMakeFiles/cmTC_de544.dir/build
make[2]: Entering directory '/home/kunterbunt/dev/omnetpp-5.0/samples/research-project/MaxDatarateSorter/cmake-build-debug/CMakeFiles/CMakeTmp'
Building CXX object CMakeFiles/cmTC_de544.dir/feature_tests.cxx.o
/usr/bin/c++     -std=c++14 -o CMakeFiles/cmTC_de544.dir/feature_tests.cxx.o -c /home/kunterbunt/dev/omnetpp-5.0/samples/research-project/MaxDatarateSorter/cmake-build-debug/CMakeFiles/feature_tests.cxx
Linking CXX executable cmTC_de544
/opt/clion/bin/cmake/bin/cmake -E cmake_link_script CMakeFiles/cmTC_de544.dir/link.txt --verbose=1
/usr/bin/c++        CMakeFiles/cmTC_de544.dir/feature_tests.cxx.o  -o cmTC_de544 
make[2]: Leaving directory '/home/kunterbunt/dev/omnetpp-5.0/samples/research-project/MaxDatarateSorter/cmake-build-debug/CMakeFiles/CMakeTmp'
make[1]: Leaving directory '/home/kunterbunt/dev/omnetpp-5.0/samples/research-project/MaxDatarateSorter/cmake-build-debug/CMakeFiles/CMakeTmp'


    Feature record: CXX_FEATURE:1cxx_aggregate_default_initializers
    Feature record: CXX_FEATURE:1cxx_alias_templates
    Feature record: CXX_FEATURE:1cxx_alignas
    Feature record: CXX_FEATURE:1cxx_alignof
    Feature record: CXX_FEATURE:1cxx_attributes
    Feature record: CXX_FEATURE:1cxx_attribute_deprecated
    Feature record: CXX_FEATURE:1cxx_auto_type
    Feature record: CXX_FEATURE:1cxx_binary_literals
    Feature record: CXX_FEATURE:1cxx_constexpr
    Feature record: CXX_FEATURE:1cxx_contextual_conversions
    Feature record: CXX_FEATURE:1cxx_decltype
    Feature record: CXX_FEATURE:1cxx_decltype_auto
    Feature record: CXX_FEATURE:1cxx_decltype_incomplete_return_types
    Feature record: CXX_FEATURE:1cxx_default_function_template_args
    Feature record: CXX_FEATURE:1cxx_defaulted_functions
    Feature record: CXX_FEATURE:1cxx_defaulted_move_initializers
    Feature record: CXX_FEATURE:1cxx_delegating_constructors
    Feature record: CXX_FEATURE:1cxx_deleted_functions
    Feature record: CXX_FEATURE:1cxx_digit_separators
    Feature record: CXX_FEATURE:1cxx_enum_forward_declarations
    Feature record: CXX_FEATURE:1cxx_explicit_conversions
    Feature record: CXX_FEATURE:1cxx_extended_friend_declarations
    Feature record: CXX_FEATURE:1cxx_extern_templates
    Feature record: CXX_FEATURE:1cxx_final
    Feature record: CXX_FEATURE:1cxx_func_identifier
    Feature record: CXX_FEATURE:1cxx_generalized_initializers
    Feature record: CXX_FEATURE:1cxx_generic_lambdas
    Feature record: CXX_FEATURE:1cxx_inheriting_constructors
    Feature record: CXX_FEATURE:1cxx_inline_namespaces
    Feature record: CXX_FEATURE:1cxx_lambdas
    Feature record: CXX_FEATURE:1cxx_lambda_init_captures
    Feature record: CXX_FEATURE:1cxx_local_type_template_args
    Feature record: CXX_FEATURE:1cxx_long_long_type
    Feature record: CXX_FEATURE:1cxx_noexcept
    Feature record: CXX_FEATURE:1cxx_nonstatic_member_init
    Feature record: CXX_FEATURE:1cxx_nullptr
    Feature record: CXX_FEATURE:1cxx_override
    Feature record: CXX_FEATURE:1cxx_range_for
    Feature record: CXX_FEATURE:1cxx_raw_string_literals
    Feature record: CXX_FEATURE:1cxx_reference_qualified_functions
    Feature record: CXX_FEATURE:1cxx_relaxed_constexpr
    Feature record: CXX_FEATURE:1cxx_return_type_deduction
    Feature record: CXX_FEATURE:1cxx_right_angle_brackets
    Feature record: CXX_FEATURE:1cxx_rvalue_references
    Feature record: CXX_FEATURE:1cxx_sizeof_member
    Feature record: CXX_FEATURE:1cxx_static_assert
    Feature record: CXX_FEATURE:1cxx_strong_enums
    Feature record: CXX_FEATURE:1cxx_template_template_parameters
    Feature record: CXX_FEATURE:1cxx_thread_local
    Feature record: CXX_FEATURE:1cxx_trailing_return_types
    Feature record: CXX_FEATURE:1cxx_unicode_literals
    Feature record: CXX_FEATURE:1cxx_uniform_initialization
    Feature record: CXX_FEATURE:1cxx_unrestricted_unions
    Feature record: CXX_FEATURE:1cxx_user_literals
    Feature record: CXX_FEATURE:1cxx_variable_templates
    Feature record: CXX_FEATURE:1cxx_variadic_macros
    Feature record: CXX_FEATURE:1cxx_variadic_templates


Detecting CXX [-std=c++11] compiler features compiled with the following output:
Change Dir: /home/kunterbunt/dev/omnetpp-5.0/samples/research-project/MaxDatarateSorter/cmake-build-debug/CMakeFiles/CMakeTmp

Run Build Command:"/usr/bin/make" "cmTC_94083/fast"
make[1]: Entering directory '/home/kunterbunt/dev/omnetpp-5.0/samples/research-project/MaxDatarateSorter/cmake-build-debug/CMakeFiles/CMakeTmp'
/usr/bin/make -f CMakeFiles/cmTC_94083.dir/build.make CMakeFiles/cmTC_94083.dir/build
make[2]: Entering directory '/home/kunterbunt/dev/omnetpp-5.0/samples/research-project/MaxDatarateSorter/cmake-build-debug/CMakeFiles/CMakeTmp'
Building CXX object CMakeFiles/cmTC_94083.dir/feature_tests.cxx.o
/usr/bin/c++     -std=c++11 -o CMakeFiles/cmTC_94083.dir/feature_tests.cxx.o -c /home/kunterbunt/dev/omnetpp-5.0/samples/research-project/MaxDatarateSorter/cmake-build-debug/CMakeFiles/feature_tests.cxx
Linking CXX executable cmTC_94083
/opt/clion/bin/cmake/bin/cmake -E cmake_link_script CMakeFiles/cmTC_94083.dir/link.txt --verbose=1
/usr/bin/c++        CMakeFiles/cmTC_94083.dir/feature_tests.cxx.o  -o cmTC_94083 
make[2]: Leaving directory '/home/kunterbunt/dev/omnetpp-5.0/samples/research-project/MaxDatarateSorter/cmake-build-debug/CMakeFiles/CMakeTmp'
make[1]: Leaving directory '/home/kunterbunt/dev/omnetpp-5.0/samples/research-project/MaxDatarateSorter/cmake-build-debug/CMakeFiles/CMakeTmp'


    Feature record: CXX_FEATURE:0cxx_aggregate_default_initializers
    Feature record: CXX_FEATURE:1cxx_alias_templates
    Feature record: CXX_FEATURE:1cxx_alignas
    Feature record: CXX_FEATURE:1cxx_alignof
    Feature record: CXX_FEATURE:1cxx_attributes
    Feature record: CXX_FEATURE:0cxx_attribute_deprecated
    Feature record: CXX_FEATURE:1cxx_auto_type
    Feature record: CXX_FEATURE:0cxx_binary_literals
    Feature record: CXX_FEATURE:1cxx_constexpr
    Feature record: CXX_FEATURE:0cxx_contextual_conversions
    Feature record: CXX_FEATURE:1cxx_decltype
    Feature record: CXX_FEATURE:0cxx_decltype_auto
    Feature record: CXX_FEATURE:1cxx_decltype_incomplete_return_types
    Feature record: CXX_FEATURE:1cxx_default_function_template_args
    Feature record: CXX_FEATURE:1cxx_defaulted_functions
    Feature record: CXX_FEATURE:1cxx_defaulted_move_initializers
    Feature record: CXX_FEATURE:1cxx_delegating_constructors
    Feature record: CXX_FEATURE:1cxx_deleted_functions
    Feature record: CXX_FEATURE:0cxx_digit_separators
    Feature record: CXX_FEATURE:1cxx_enum_forward_declarations
    Feature record: CXX_FEATURE:1cxx_explicit_conversions
    Feature record: CXX_FEATURE:1cxx_extended_friend_declarations
    Feature record: CXX_FEATURE:1cxx_extern_templates
    Feature record: CXX_FEATURE:1cxx_final
    Feature record: CXX_FEATURE:1cxx_func_identifier
    Feature record: CXX_FEATURE:1cxx_generalized_initializers
    Feature record: CXX_FEATURE:0cxx_generic_lambdas
    Feature record: CXX_FEATURE:1cxx_inheriting_constructors
    Feature record: CXX_FEATURE:1cxx_inline_namespaces
    Feature record: CXX_FEATURE:1cxx_lambdas
    Feature record: CXX_FEATURE:0cxx_lambda_init_captures
    Feature record: CXX_FEATURE:1cxx_local_type_template_args
    Feature record: CXX_FEATURE:1cxx_long_long_type
    Feature record: CXX_FEATURE:1cxx_noexcept
    Feature record: CXX_FEATURE:1cxx_nonstatic_member_init
    Feature record: CXX_FEATURE:1cxx_nullptr
    Feature record: CXX_FEATURE:1cxx_override
    Feature record: CXX_FEATURE:1cxx_range_for
    Feature record: CXX_FEATURE:1cxx_raw_string_literals
    Feature record: CXX_FEATURE:1cxx_reference_qualified_functions
    Feature record: CXX_FEATURE:0cxx_relaxed_constexpr
    Feature record: CXX_FEATURE:0cxx_return_type_deduction
    Feature record: CXX_FEATURE:1cxx_right_angle_brackets
    Feature record: CXX_FEATURE:1cxx_rvalue_references
    Feature record: CXX_FEATURE:1cxx_sizeof_member
    Feature record: CXX_FEATURE:1cxx_static_assert
    Feature record: CXX_FEATURE:1cxx_strong_enums
    Feature record: CXX_FEATURE:1cxx_template_template_parameters
    Feature record: CXX_FEATURE:1cxx_thread_local
    Feature record: CXX_FEATURE:1cxx_trailing_return_types
    Feature record: CXX_FEATURE:1cxx_unicode_literals
    Feature record: CXX_FEATURE:1cxx_uniform_initialization
    Feature record: CXX_FEATURE:1cxx_unrestricted_unions
    Feature record: CXX_FEATURE:1cxx_user_literals
    Feature record: CXX_FEATURE:0cxx_variable_templates
    Feature record: CXX_FEATURE:1cxx_variadic_macros
    Feature record: CXX_FEATURE:1cxx_variadic_templates


Detecting CXX [-std=c++98] compiler features compiled with the following output:
Change Dir: /home/kunterbunt/dev/omnetpp-5.0/samples/research-project/MaxDatarateSorter/cmake-build-debug/CMakeFiles/CMakeTmp

Run Build Command:"/usr/bin/make" "cmTC_7a1cf/fast"
make[1]: Entering directory '/home/kunterbunt/dev/omnetpp-5.0/samples/research-project/MaxDatarateSorter/cmake-build-debug/CMakeFiles/CMakeTmp'
/usr/bin/make -f CMakeFiles/cmTC_7a1cf.dir/build.make CMakeFiles/cmTC_7a1cf.dir/build
make[2]: Entering directory '/home/kunterbunt/dev/omnetpp-5.0/samples/research-project/MaxDatarateSorter/cmake-build-debug/CMakeFiles/CMakeTmp'
Building CXX object CMakeFiles/cmTC_7a1cf.dir/feature_tests.cxx.o
/usr/bin/c++     -std=c++98 -o CMakeFiles/cmTC_7a1cf.dir/feature_tests.cxx.o -c /home/kunterbunt/dev/omnetpp-5.0/samples/research-project/MaxDatarateSorter/cmake-build-debug/CMakeFiles/feature_tests.cxx
Linking CXX executable cmTC_7a1cf
/opt/clion/bin/cmake/bin/cmake -E cmake_link_script CMakeFiles/cmTC_7a1cf.dir/link.txt --verbose=1
/usr/bin/c++        CMakeFiles/cmTC_7a1cf.dir/feature_tests.cxx.o  -o cmTC_7a1cf 
make[2]: Leaving directory '/home/kunterbunt/dev/omnetpp-5.0/samples/research-project/MaxDatarateSorter/cmake-build-debug/CMakeFiles/CMakeTmp'
make[1]: Leaving directory '/home/kunterbunt/dev/omnetpp-5.0/samples/research-project/MaxDatarateSorter/cmake-build-debug/CMakeFiles/CMakeTmp'


    Feature record: CXX_FEATURE:0cxx_aggregate_default_initializers
    Feature record: CXX_FEATURE:0cxx_alias_templates
    Feature record: CXX_FEATURE:0cxx_alignas
    Feature record: CXX_FEATURE:0cxx_alignof
    Feature record: CXX_FEATURE:0cxx_attributes
    Feature record: CXX_FEATURE:0cxx_attribute_deprecated
    Feature record: CXX_FEATURE:0cxx_auto_type
    Feature record: CXX_FEATURE:0cxx_binary_literals
    Feature record: CXX_FEATURE:0cxx_constexpr
    Feature record: CXX_FEATURE:0cxx_contextual_conversions
    Feature record: CXX_FEATURE:0cxx_decltype
    Feature record: CXX_FEATURE:0cxx_decltype_auto
    Feature record: CXX_FEATURE:0cxx_decltype_incomplete_return_types
    Feature record: CXX_FEATURE:0cxx_default_function_template_args
    Feature record: CXX_FEATURE:0cxx_defaulted_functions
    Feature record: CXX_FEATURE:0cxx_defaulted_move_initializers
    Feature record: CXX_FEATURE:0cxx_delegating_constructors
    Feature record: CXX_FEATURE:0cxx_deleted_functions
    Feature record: CXX_FEATURE:0cxx_digit_separators
    Feature record: CXX_FEATURE:0cxx_enum_forward_declarations
    Feature record: CXX_FEATURE:0cxx_explicit_conversions
    Feature record: CXX_FEATURE:0cxx_extended_friend_declarations
    Feature record: CXX_FEATURE:0cxx_extern_templates
    Feature record: CXX_FEATURE:0cxx_final
    Feature record: CXX_FEATURE:0cxx_func_identifier
    Feature record: CXX_FEATURE:0cxx_generalized_initializers
    Feature record: CXX_FEATURE:0cxx_generic_lambdas
    Feature record: CXX_FEATURE:0cxx_inheriting_constructors
    Feature record: CXX_FEATURE:0cxx_inline_namespaces
    Feature record: CXX_FEATURE:0cxx_lambdas
    Feature record: CXX_FEATURE:0cxx_lambda_init_captures
    Feature record: CXX_FEATURE:0cxx_local_type_template_args
    Feature record: CXX_FEATURE:0cxx_long_long_type
    Feature record: CXX_FEATURE:0cxx_noexcept
    Feature record: CXX_FEATURE:0cxx_nonstatic_member_init
    Feature record: CXX_FEATURE:0cxx_nullptr
    Feature record: CXX_FEATURE:0cxx_override
    Feature record: CXX_FEATURE:0cxx_range_for
    Feature record: CXX_FEATURE:0cxx_raw_string_literals
    Feature record: CXX_FEATURE:0cxx_reference_qualified_functions
    Feature record: CXX_FEATURE:0cxx_relaxed_constexpr
    Feature record: CXX_FEATURE:0cxx_return_type_deduction
    Feature record: CXX_FEATURE:0cxx_right_angle_brackets
    Feature record: CXX_FEATURE:0cxx_rvalue_references
    Feature record: CXX_FEATURE:0cxx_sizeof_member
    Feature record: CXX_FEATURE:0cxx_static_assert
    Feature record: CXX_FEATURE:0cxx_strong_enums
    Feature record: CXX_FEATURE:1cxx_template_template_parameters
    Feature record: CXX_FEATURE:0cxx_thread_local
    Feature record: CXX_FEATURE:0cxx_trailing_return_types
    Feature record: CXX_FEATURE:0cxx_unicode_literals
    Feature record: CXX_FEATURE:0cxx_uniform_initialization
    Feature record: CXX_FEATURE:0cxx_unrestricted_unions
    Feature record: CXX_FEATURE:0cxx_user_literals
    Feature record: CXX_FEATURE:0cxx_variable_templates
    Feature record: CXX_FEATURE:0cxx_variadic_macros
    Feature record: CXX_FEATURE:0cxx_variadic_templates
